#
# There is insufficient memory for the Java Runtime Environment to continue.
# Native memory allocation (malloc) failed to allocate 833456 bytes for Chunk::new
# Possible reasons:
#   The system is out of physical RAM or swap space
#   The process is running with CompressedOops enabled, and the Java Heap may be blocking the growth of the native heap
# Possible solutions:
#   Reduce memory load on the system
#   Increase physical memory or swap space
#   Check if swap backing store is full
#   Decrease Java heap size (-Xmx/-Xms)
#   Decrease number of Java threads
#   Decrease Java thread stack sizes (-Xss)
#   Set larger code cache with -XX:ReservedCodeCacheSize=
#   JVM is running with Unscaled Compressed Oops mode in which the Java heap is
#     placed in the first 4GB address space. The Java Heap base address is the
#     maximum limit for the native heap growth. Please use -XX:HeapBaseMinAddress
#     to set the Java Heap base and to place the Java Heap above 4GB virtual address.
# This output file may be truncated or incomplete.
#
#  Out of Memory Error (arena.cpp:184), pid=17772, tid=2976
#
# JRE version: Java(TM) SE Runtime Environment (20.0.2+9) (build 20.0.2+9-78)
# Java VM: Java HotSpot(TM) 64-Bit Server VM (20.0.2+9-78, mixed mode, sharing, tiered, compressed oops, compressed class ptrs, g1 gc, windows-amd64)
# No core dump will be written. Minidumps are not enabled by default on client versions of Windows
#

---------------  S U M M A R Y ------------

Command Line: -Dfile.encoding=UTF-8 --module-path=D:\netBeans\Electricity Billing System\build\classes electricity.billing.system.PayBill

Host: Intel(R) Core(TM) i3-6006U CPU @ 2.00GHz, 4 cores, 7G,  Windows 10 , 64 bit Build 19041 (10.0.19041.3393)
Time: Thu Sep  7 20:47:23 2023 India Standard Time elapsed time: 1.630296 seconds (0d 0h 0m 1s)

---------------  T H R E A D  ---------------

Current thread (0x0000017efb100390):  JavaThread "C2 CompilerThread0" daemon [_thread_in_native, id=2976, stack(0x0000005bbdb00000,0x0000005bbdc00000)]


Current CompileTask:
C2:   1630 1256       4       sun.security.ec.ECOperations::setDouble (463 bytes)

Stack: [0x0000005bbdb00000,0x0000005bbdc00000]
Native frames: (J=compiled Java code, j=interpreted, Vv=VM code, C=native code)
V  [jvm.dll+0x6bc25a]
V  [jvm.dll+0x84971a]
V  [jvm.dll+0x84b315]
V  [jvm.dll+0x84ba13]
V  [jvm.dll+0x280e4f]
V  [jvm.dll+0xc2ab1]
V  [jvm.dll+0xc2dd5]
V  [jvm.dll+0x2f611f]
V  [jvm.dll+0x5e3b0b]
V  [jvm.dll+0x254684]
V  [jvm.dll+0x254a4f]
V  [jvm.dll+0x24d23d]
V  [jvm.dll+0x24a819]
V  [jvm.dll+0x1ce761]
V  [jvm.dll+0x25a0eb]
V  [jvm.dll+0x2587c0]
V  [jvm.dll+0x3f2dd5]
V  [jvm.dll+0x7f5c76]
V  [jvm.dll+0x6baecb]
C  [ucrtbase.dll+0x21bb2]
C  [KERNEL32.DLL+0x17344]
C  [ntdll.dll+0x526b1]


---------------  P R O C E S S  ---------------

Threads class SMR info:
_java_thread_list=0x0000017ec149f3c0, length=15, elements={
0x0000017edf0d7800, 0x0000017efb0eb240, 0x0000017efb0ece90, 0x0000017efb0f2240,
0x0000017efb0f2b80, 0x0000017efb0f4fb0, 0x0000017efb0f6090, 0x0000017efb100390,
0x0000017efb104670, 0x0000017eff462840, 0x0000017eff4e3e40, 0x0000017edf0da700,
0x0000017eff721ae0, 0x0000017eff72d7f0, 0x0000017eff7d3010
}

Java Threads: ( => current thread )
  0x0000017edf0d7800 JavaThread "main" [_thread_in_Java, id=18652, stack(0x0000005bbce00000,0x0000005bbcf00000)]
  0x0000017efb0eb240 JavaThread "Reference Handler" daemon [_thread_blocked, id=16936, stack(0x0000005bbd500000,0x0000005bbd600000)]
  0x0000017efb0ece90 JavaThread "Finalizer" daemon [_thread_blocked, id=17804, stack(0x0000005bbd600000,0x0000005bbd700000)]
  0x0000017efb0f2240 JavaThread "Signal Dispatcher" daemon [_thread_blocked, id=10452, stack(0x0000005bbd700000,0x0000005bbd800000)]
  0x0000017efb0f2b80 JavaThread "Attach Listener" daemon [_thread_blocked, id=7612, stack(0x0000005bbd800000,0x0000005bbd900000)]
  0x0000017efb0f4fb0 JavaThread "Service Thread" daemon [_thread_blocked, id=9848, stack(0x0000005bbd900000,0x0000005bbda00000)]
  0x0000017efb0f6090 JavaThread "Monitor Deflation Thread" daemon [_thread_blocked, id=2116, stack(0x0000005bbda00000,0x0000005bbdb00000)]
=>0x0000017efb100390 JavaThread "C2 CompilerThread0" daemon [_thread_in_native, id=2976, stack(0x0000005bbdb00000,0x0000005bbdc00000)]
  0x0000017efb104670 JavaThread "C1 CompilerThread0" daemon [_thread_in_native, id=11212, stack(0x0000005bbdc00000,0x0000005bbdd00000)]
  0x0000017eff462840 JavaThread "Common-Cleaner" daemon [_thread_blocked, id=20396, stack(0x0000005bbdd00000,0x0000005bbde00000)]
  0x0000017eff4e3e40 JavaThread "Notification Thread" daemon [_thread_blocked, id=5544, stack(0x0000005bbde00000,0x0000005bbdf00000)]
  0x0000017edf0da700 JavaThread "C2 CompilerThread1" daemon [_thread_blocked, id=16200, stack(0x0000005bbe000000,0x0000005bbe100000)]
  0x0000017eff721ae0 JavaThread "Java2D Disposer" daemon [_thread_blocked, id=6500, stack(0x0000005bbe100000,0x0000005bbe200000)]
  0x0000017eff72d7f0 JavaThread "AWT-Windows" daemon [_thread_in_native, id=15000, stack(0x0000005bbe300000,0x0000005bbe400000)]
  0x0000017eff7d3010 JavaThread "mysql-cj-abandoned-connection-cleanup" daemon [_thread_blocked, id=2352, stack(0x0000005bbe400000,0x0000005bbe500000)]

Other Threads:
  0x0000017efb0cd500 VMThread "VM Thread" [stack: 0x0000005bbd400000,0x0000005bbd500000] [id=18456]
  0x0000017eff4e4390 WatcherThread "VM Periodic Task Thread" [stack: 0x0000005bbdf00000,0x0000005bbe000000] [id=8996]
  0x0000017edf137c40 WorkerThread "GC Thread#0" [stack: 0x0000005bbcf00000,0x0000005bbd000000] [id=11552]
  0x0000017ec11aa2e0 WorkerThread "GC Thread#1" [stack: 0x0000005bbe500000,0x0000005bbe600000] [id=16052]
  0x0000017ec11aa5b0 WorkerThread "GC Thread#2" [stack: 0x0000005bbe600000,0x0000005bbe700000] [id=15176]
  0x0000017ec11aa880 WorkerThread "GC Thread#3" [stack: 0x0000005bbe700000,0x0000005bbe800000] [id=7680]
  0x0000017edf149400 ConcurrentGCThread "G1 Main Marker" [stack: 0x0000005bbd000000,0x0000005bbd100000] [id=23236]
  0x0000017edf14a5d0 WorkerThread "G1 Conc#0" [stack: 0x0000005bbd100000,0x0000005bbd200000] [id=4124]
  0x0000017efaf910b0 ConcurrentGCThread "G1 Refine#0" [stack: 0x0000005bbd200000,0x0000005bbd300000] [id=8220]
  0x0000017efaf91b50 ConcurrentGCThread "G1 Service" [stack: 0x0000005bbd300000,0x0000005bbd400000] [id=16016]

Threads with active compile tasks:
C2 CompilerThread0     1705 1256       4       sun.security.ec.ECOperations::setDouble (463 bytes)
C1 CompilerThread0     1705 1389       3       sun.net.www.protocol.jar.Handler::indexOfBangSlash (52 bytes)

VM state: not at safepoint (normal execution)

VM Mutex/Monitor currently owned by a thread: None

Heap address: 0x0000000084800000, size: 1976 MB, Compressed Oops mode: 32-bit

CDS archive(s) mapped at: [0x0000017e80000000-0x0000017e80c60000-0x0000017e80c60000), size 12976128, SharedBaseAddress: 0x0000017e80000000, ArchiveRelocationMode: 1.
Compressed class space mapped at: 0x0000017e81000000-0x0000017ec1000000, reserved size: 1073741824
Narrow klass base: 0x0000017e80000000, Narrow klass shift: 0, Narrow klass range: 0x100000000

GC Precious Log:
 CardTable entry size: 512
 Card Set container configuration: InlinePtr #cards 5 size 8 Array Of Cards #cards 12 size 40 Howl #buckets 4 coarsen threshold 1843 Howl Bitmap #cards 512 size 80 coarsen threshold 460 Card regions per heap region 1 cards per card region 2048
 CPUs: 4 total, 4 available
 Memory: 7898M
 Large Page Support: Disabled
 NUMA Support: Disabled
 Compressed Oops: Enabled (32-bit)
 Heap Region Size: 1M
 Heap Min Capacity: 8M
 Heap Initial Capacity: 124M
 Heap Max Capacity: 1976M
 Pre-touch: Disabled
 Parallel Workers: 4
 Concurrent Workers: 1
 Concurrent Refinement Workers: 4
 Periodic GC: Disabled

Heap:
 garbage-first heap   total 126976K, used 7640K [0x0000000084800000, 0x0000000100000000)
  region size 1024K, 7 young (7168K), 2 survivors (2048K)
 Metaspace       used 13146K, committed 13440K, reserved 1114112K
  class space    used 1426K, committed 1536K, reserved 1048576K

Heap Regions: E=young(eden), S=young(survivor), O=old, HS=humongous(starts), HC=humongous(continues), CS=collection set, F=free, OA=open archive, CA=closed archive, TAMS=top-at-mark-start, PB=parsable bottom
|   0|0x0000000084800000, 0x0000000084900000, 0x0000000084900000|100%| O|  |TAMS 0x0000000084800000| PB 0x0000000084800000| Untracked 
|   1|0x0000000084900000, 0x0000000084976200, 0x0000000084a00000| 46%| O|  |TAMS 0x0000000084900000| PB 0x0000000084900000| Untracked 
|   2|0x0000000084a00000, 0x0000000084a00000, 0x0000000084b00000|  0%| F|  |TAMS 0x0000000084a00000| PB 0x0000000084a00000| Untracked 
|   3|0x0000000084b00000, 0x0000000084b00000, 0x0000000084c00000|  0%| F|  |TAMS 0x0000000084b00000| PB 0x0000000084b00000| Untracked 
|   4|0x0000000084c00000, 0x0000000084c00000, 0x0000000084d00000|  0%| F|  |TAMS 0x0000000084c00000| PB 0x0000000084c00000| Untracked 
|   5|0x0000000084d00000, 0x0000000084d00000, 0x0000000084e00000|  0%| F|  |TAMS 0x0000000084d00000| PB 0x0000000084d00000| Untracked 
|   6|0x0000000084e00000, 0x0000000084e00000, 0x0000000084f00000|  0%| F|  |TAMS 0x0000000084e00000| PB 0x0000000084e00000| Untracked 
|   7|0x0000000084f00000, 0x0000000084f00000, 0x0000000085000000|  0%| F|  |TAMS 0x0000000084f00000| PB 0x0000000084f00000| Untracked 
|   8|0x0000000085000000, 0x0000000085000000, 0x0000000085100000|  0%| F|  |TAMS 0x0000000085000000| PB 0x0000000085000000| Untracked 
|   9|0x0000000085100000, 0x0000000085100000, 0x0000000085200000|  0%| F|  |TAMS 0x0000000085100000| PB 0x0000000085100000| Untracked 
|  10|0x0000000085200000, 0x0000000085200000, 0x0000000085300000|  0%| F|  |TAMS 0x0000000085200000| PB 0x0000000085200000| Untracked 
|  11|0x0000000085300000, 0x0000000085300000, 0x0000000085400000|  0%| F|  |TAMS 0x0000000085300000| PB 0x0000000085300000| Untracked 
|  12|0x0000000085400000, 0x0000000085400000, 0x0000000085500000|  0%| F|  |TAMS 0x0000000085400000| PB 0x0000000085400000| Untracked 
|  13|0x0000000085500000, 0x0000000085500000, 0x0000000085600000|  0%| F|  |TAMS 0x0000000085500000| PB 0x0000000085500000| Untracked 
|  14|0x0000000085600000, 0x0000000085600000, 0x0000000085700000|  0%| F|  |TAMS 0x0000000085600000| PB 0x0000000085600000| Untracked 
|  15|0x0000000085700000, 0x0000000085700000, 0x0000000085800000|  0%| F|  |TAMS 0x0000000085700000| PB 0x0000000085700000| Untracked 
|  16|0x0000000085800000, 0x0000000085800000, 0x0000000085900000|  0%| F|  |TAMS 0x0000000085800000| PB 0x0000000085800000| Untracked 
|  17|0x0000000085900000, 0x0000000085900000, 0x0000000085a00000|  0%| F|  |TAMS 0x0000000085900000| PB 0x0000000085900000| Untracked 
|  18|0x0000000085a00000, 0x0000000085a00000, 0x0000000085b00000|  0%| F|  |TAMS 0x0000000085a00000| PB 0x0000000085a00000| Untracked 
|  19|0x0000000085b00000, 0x0000000085b00000, 0x0000000085c00000|  0%| F|  |TAMS 0x0000000085b00000| PB 0x0000000085b00000| Untracked 
|  20|0x0000000085c00000, 0x0000000085c00000, 0x0000000085d00000|  0%| F|  |TAMS 0x0000000085c00000| PB 0x0000000085c00000| Untracked 
|  21|0x0000000085d00000, 0x0000000085d00000, 0x0000000085e00000|  0%| F|  |TAMS 0x0000000085d00000| PB 0x0000000085d00000| Untracked 
|  22|0x0000000085e00000, 0x0000000085e00000, 0x0000000085f00000|  0%| F|  |TAMS 0x0000000085e00000| PB 0x0000000085e00000| Untracked 
|  23|0x0000000085f00000, 0x0000000085f00000, 0x0000000086000000|  0%| F|  |TAMS 0x0000000085f00000| PB 0x0000000085f00000| Untracked 
|  24|0x0000000086000000, 0x0000000086000000, 0x0000000086100000|  0%| F|  |TAMS 0x0000000086000000| PB 0x0000000086000000| Untracked 
|  25|0x0000000086100000, 0x0000000086100000, 0x0000000086200000|  0%| F|  |TAMS 0x0000000086100000| PB 0x0000000086100000| Untracked 
|  26|0x0000000086200000, 0x0000000086200000, 0x0000000086300000|  0%| F|  |TAMS 0x0000000086200000| PB 0x0000000086200000| Untracked 
|  27|0x0000000086300000, 0x0000000086300000, 0x0000000086400000|  0%| F|  |TAMS 0x0000000086300000| PB 0x0000000086300000| Untracked 
|  28|0x0000000086400000, 0x0000000086400000, 0x0000000086500000|  0%| F|  |TAMS 0x0000000086400000| PB 0x0000000086400000| Untracked 
|  29|0x0000000086500000, 0x0000000086500000, 0x0000000086600000|  0%| F|  |TAMS 0x0000000086500000| PB 0x0000000086500000| Untracked 
|  30|0x0000000086600000, 0x0000000086600000, 0x0000000086700000|  0%| F|  |TAMS 0x0000000086600000| PB 0x0000000086600000| Untracked 
|  31|0x0000000086700000, 0x0000000086700000, 0x0000000086800000|  0%| F|  |TAMS 0x0000000086700000| PB 0x0000000086700000| Untracked 
|  32|0x0000000086800000, 0x0000000086800000, 0x0000000086900000|  0%| F|  |TAMS 0x0000000086800000| PB 0x0000000086800000| Untracked 
|  33|0x0000000086900000, 0x0000000086900000, 0x0000000086a00000|  0%| F|  |TAMS 0x0000000086900000| PB 0x0000000086900000| Untracked 
|  34|0x0000000086a00000, 0x0000000086a00000, 0x0000000086b00000|  0%| F|  |TAMS 0x0000000086a00000| PB 0x0000000086a00000| Untracked 
|  35|0x0000000086b00000, 0x0000000086b00000, 0x0000000086c00000|  0%| F|  |TAMS 0x0000000086b00000| PB 0x0000000086b00000| Untracked 
|  36|0x0000000086c00000, 0x0000000086c00000, 0x0000000086d00000|  0%| F|  |TAMS 0x0000000086c00000| PB 0x0000000086c00000| Untracked 
|  37|0x0000000086d00000, 0x0000000086d00000, 0x0000000086e00000|  0%| F|  |TAMS 0x0000000086d00000| PB 0x0000000086d00000| Untracked 
|  38|0x0000000086e00000, 0x0000000086e00000, 0x0000000086f00000|  0%| F|  |TAMS 0x0000000086e00000| PB 0x0000000086e00000| Untracked 
|  39|0x0000000086f00000, 0x0000000086f00000, 0x0000000087000000|  0%| F|  |TAMS 0x0000000086f00000| PB 0x0000000086f00000| Untracked 
|  40|0x0000000087000000, 0x0000000087000000, 0x0000000087100000|  0%| F|  |TAMS 0x0000000087000000| PB 0x0000000087000000| Untracked 
|  41|0x0000000087100000, 0x0000000087100000, 0x0000000087200000|  0%| F|  |TAMS 0x0000000087100000| PB 0x0000000087100000| Untracked 
|  42|0x0000000087200000, 0x0000000087200000, 0x0000000087300000|  0%| F|  |TAMS 0x0000000087200000| PB 0x0000000087200000| Untracked 
|  43|0x0000000087300000, 0x0000000087300000, 0x0000000087400000|  0%| F|  |TAMS 0x0000000087300000| PB 0x0000000087300000| Untracked 
|  44|0x0000000087400000, 0x0000000087400000, 0x0000000087500000|  0%| F|  |TAMS 0x0000000087400000| PB 0x0000000087400000| Untracked 
|  45|0x0000000087500000, 0x0000000087500000, 0x0000000087600000|  0%| F|  |TAMS 0x0000000087500000| PB 0x0000000087500000| Untracked 
|  46|0x0000000087600000, 0x0000000087600000, 0x0000000087700000|  0%| F|  |TAMS 0x0000000087600000| PB 0x0000000087600000| Untracked 
|  47|0x0000000087700000, 0x0000000087700000, 0x0000000087800000|  0%| F|  |TAMS 0x0000000087700000| PB 0x0000000087700000| Untracked 
|  48|0x0000000087800000, 0x0000000087800000, 0x0000000087900000|  0%| F|  |TAMS 0x0000000087800000| PB 0x0000000087800000| Untracked 
|  49|0x0000000087900000, 0x0000000087900000, 0x0000000087a00000|  0%| F|  |TAMS 0x0000000087900000| PB 0x0000000087900000| Untracked 
|  50|0x0000000087a00000, 0x0000000087a00000, 0x0000000087b00000|  0%| F|  |TAMS 0x0000000087a00000| PB 0x0000000087a00000| Untracked 
|  51|0x0000000087b00000, 0x0000000087b00000, 0x0000000087c00000|  0%| F|  |TAMS 0x0000000087b00000| PB 0x0000000087b00000| Untracked 
|  52|0x0000000087c00000, 0x0000000087c00000, 0x0000000087d00000|  0%| F|  |TAMS 0x0000000087c00000| PB 0x0000000087c00000| Untracked 
|  53|0x0000000087d00000, 0x0000000087d00000, 0x0000000087e00000|  0%| F|  |TAMS 0x0000000087d00000| PB 0x0000000087d00000| Untracked 
|  54|0x0000000087e00000, 0x0000000087e00000, 0x0000000087f00000|  0%| F|  |TAMS 0x0000000087e00000| PB 0x0000000087e00000| Untracked 
|  55|0x0000000087f00000, 0x0000000087f00000, 0x0000000088000000|  0%| F|  |TAMS 0x0000000087f00000| PB 0x0000000087f00000| Untracked 
|  56|0x0000000088000000, 0x0000000088000000, 0x0000000088100000|  0%| F|  |TAMS 0x0000000088000000| PB 0x0000000088000000| Untracked 
|  57|0x0000000088100000, 0x0000000088100000, 0x0000000088200000|  0%| F|  |TAMS 0x0000000088100000| PB 0x0000000088100000| Untracked 
|  58|0x0000000088200000, 0x0000000088200000, 0x0000000088300000|  0%| F|  |TAMS 0x0000000088200000| PB 0x0000000088200000| Untracked 
|  59|0x0000000088300000, 0x0000000088300000, 0x0000000088400000|  0%| F|  |TAMS 0x0000000088300000| PB 0x0000000088300000| Untracked 
|  60|0x0000000088400000, 0x0000000088400000, 0x0000000088500000|  0%| F|  |TAMS 0x0000000088400000| PB 0x0000000088400000| Untracked 
|  61|0x0000000088500000, 0x0000000088500000, 0x0000000088600000|  0%| F|  |TAMS 0x0000000088500000| PB 0x0000000088500000| Untracked 
|  62|0x0000000088600000, 0x0000000088600000, 0x0000000088700000|  0%| F|  |TAMS 0x0000000088600000| PB 0x0000000088600000| Untracked 
|  63|0x0000000088700000, 0x0000000088700000, 0x0000000088800000|  0%| F|  |TAMS 0x0000000088700000| PB 0x0000000088700000| Untracked 
|  64|0x0000000088800000, 0x0000000088800000, 0x0000000088900000|  0%| F|  |TAMS 0x0000000088800000| PB 0x0000000088800000| Untracked 
|  65|0x0000000088900000, 0x0000000088900000, 0x0000000088a00000|  0%| F|  |TAMS 0x0000000088900000| PB 0x0000000088900000| Untracked 
|  66|0x0000000088a00000, 0x0000000088a00000, 0x0000000088b00000|  0%| F|  |TAMS 0x0000000088a00000| PB 0x0000000088a00000| Untracked 
|  67|0x0000000088b00000, 0x0000000088b00000, 0x0000000088c00000|  0%| F|  |TAMS 0x0000000088b00000| PB 0x0000000088b00000| Untracked 
|  68|0x0000000088c00000, 0x0000000088c00000, 0x0000000088d00000|  0%| F|  |TAMS 0x0000000088c00000| PB 0x0000000088c00000| Untracked 
|  69|0x0000000088d00000, 0x0000000088d00000, 0x0000000088e00000|  0%| F|  |TAMS 0x0000000088d00000| PB 0x0000000088d00000| Untracked 
|  70|0x0000000088e00000, 0x0000000088e00000, 0x0000000088f00000|  0%| F|  |TAMS 0x0000000088e00000| PB 0x0000000088e00000| Untracked 
|  71|0x0000000088f00000, 0x0000000088f00000, 0x0000000089000000|  0%| F|  |TAMS 0x0000000088f00000| PB 0x0000000088f00000| Untracked 
|  72|0x0000000089000000, 0x0000000089000000, 0x0000000089100000|  0%| F|  |TAMS 0x0000000089000000| PB 0x0000000089000000| Untracked 
|  73|0x0000000089100000, 0x0000000089100000, 0x0000000089200000|  0%| F|  |TAMS 0x0000000089100000| PB 0x0000000089100000| Untracked 
|  74|0x0000000089200000, 0x0000000089200000, 0x0000000089300000|  0%| F|  |TAMS 0x0000000089200000| PB 0x0000000089200000| Untracked 
|  75|0x0000000089300000, 0x0000000089300000, 0x0000000089400000|  0%| F|  |TAMS 0x0000000089300000| PB 0x0000000089300000| Untracked 
|  76|0x0000000089400000, 0x0000000089400000, 0x0000000089500000|  0%| F|  |TAMS 0x0000000089400000| PB 0x0000000089400000| Untracked 
|  77|0x0000000089500000, 0x0000000089500000, 0x0000000089600000|  0%| F|  |TAMS 0x0000000089500000| PB 0x0000000089500000| Untracked 
|  78|0x0000000089600000, 0x0000000089600000, 0x0000000089700000|  0%| F|  |TAMS 0x0000000089600000| PB 0x0000000089600000| Untracked 
|  79|0x0000000089700000, 0x0000000089700000, 0x0000000089800000|  0%| F|  |TAMS 0x0000000089700000| PB 0x0000000089700000| Untracked 
|  80|0x0000000089800000, 0x0000000089800000, 0x0000000089900000|  0%| F|  |TAMS 0x0000000089800000| PB 0x0000000089800000| Untracked 
|  81|0x0000000089900000, 0x0000000089900000, 0x0000000089a00000|  0%| F|  |TAMS 0x0000000089900000| PB 0x0000000089900000| Untracked 
|  82|0x0000000089a00000, 0x0000000089a00000, 0x0000000089b00000|  0%| F|  |TAMS 0x0000000089a00000| PB 0x0000000089a00000| Untracked 
|  83|0x0000000089b00000, 0x0000000089b00000, 0x0000000089c00000|  0%| F|  |TAMS 0x0000000089b00000| PB 0x0000000089b00000| Untracked 
|  84|0x0000000089c00000, 0x0000000089c00000, 0x0000000089d00000|  0%| F|  |TAMS 0x0000000089c00000| PB 0x0000000089c00000| Untracked 
|  85|0x0000000089d00000, 0x0000000089d00000, 0x0000000089e00000|  0%| F|  |TAMS 0x0000000089d00000| PB 0x0000000089d00000| Untracked 
|  86|0x0000000089e00000, 0x0000000089e00000, 0x0000000089f00000|  0%| F|  |TAMS 0x0000000089e00000| PB 0x0000000089e00000| Untracked 
|  87|0x0000000089f00000, 0x0000000089f00000, 0x000000008a000000|  0%| F|  |TAMS 0x0000000089f00000| PB 0x0000000089f00000| Untracked 
|  88|0x000000008a000000, 0x000000008a000000, 0x000000008a100000|  0%| F|  |TAMS 0x000000008a000000| PB 0x000000008a000000| Untracked 
|  89|0x000000008a100000, 0x000000008a100000, 0x000000008a200000|  0%| F|  |TAMS 0x000000008a100000| PB 0x000000008a100000| Untracked 
|  90|0x000000008a200000, 0x000000008a200000, 0x000000008a300000|  0%| F|  |TAMS 0x000000008a200000| PB 0x000000008a200000| Untracked 
|  91|0x000000008a300000, 0x000000008a300000, 0x000000008a400000|  0%| F|  |TAMS 0x000000008a300000| PB 0x000000008a300000| Untracked 
|  92|0x000000008a400000, 0x000000008a400000, 0x000000008a500000|  0%| F|  |TAMS 0x000000008a400000| PB 0x000000008a400000| Untracked 
|  93|0x000000008a500000, 0x000000008a500000, 0x000000008a600000|  0%| F|  |TAMS 0x000000008a500000| PB 0x000000008a500000| Untracked 
|  94|0x000000008a600000, 0x000000008a600000, 0x000000008a700000|  0%| F|  |TAMS 0x000000008a600000| PB 0x000000008a600000| Untracked 
|  95|0x000000008a700000, 0x000000008a700000, 0x000000008a800000|  0%| F|  |TAMS 0x000000008a700000| PB 0x000000008a700000| Untracked 
|  96|0x000000008a800000, 0x000000008a800000, 0x000000008a900000|  0%| F|  |TAMS 0x000000008a800000| PB 0x000000008a800000| Untracked 
|  97|0x000000008a900000, 0x000000008a900000, 0x000000008aa00000|  0%| F|  |TAMS 0x000000008a900000| PB 0x000000008a900000| Untracked 
|  98|0x000000008aa00000, 0x000000008aa00000, 0x000000008ab00000|  0%| F|  |TAMS 0x000000008aa00000| PB 0x000000008aa00000| Untracked 
|  99|0x000000008ab00000, 0x000000008ab00000, 0x000000008ac00000|  0%| F|  |TAMS 0x000000008ab00000| PB 0x000000008ab00000| Untracked 
| 100|0x000000008ac00000, 0x000000008ac00000, 0x000000008ad00000|  0%| F|  |TAMS 0x000000008ac00000| PB 0x000000008ac00000| Untracked 
| 101|0x000000008ad00000, 0x000000008ad00000, 0x000000008ae00000|  0%| F|  |TAMS 0x000000008ad00000| PB 0x000000008ad00000| Untracked 
| 102|0x000000008ae00000, 0x000000008ae00000, 0x000000008af00000|  0%| F|  |TAMS 0x000000008ae00000| PB 0x000000008ae00000| Untracked 
| 103|0x000000008af00000, 0x000000008af00000, 0x000000008b000000|  0%| F|  |TAMS 0x000000008af00000| PB 0x000000008af00000| Untracked 
| 104|0x000000008b000000, 0x000000008b000000, 0x000000008b100000|  0%| F|  |TAMS 0x000000008b000000| PB 0x000000008b000000| Untracked 
| 105|0x000000008b100000, 0x000000008b100000, 0x000000008b200000|  0%| F|  |TAMS 0x000000008b100000| PB 0x000000008b100000| Untracked 
| 106|0x000000008b200000, 0x000000008b200000, 0x000000008b300000|  0%| F|  |TAMS 0x000000008b200000| PB 0x000000008b200000| Untracked 
| 107|0x000000008b300000, 0x000000008b300000, 0x000000008b400000|  0%| F|  |TAMS 0x000000008b300000| PB 0x000000008b300000| Untracked 
| 108|0x000000008b400000, 0x000000008b400000, 0x000000008b500000|  0%| F|  |TAMS 0x000000008b400000| PB 0x000000008b400000| Untracked 
| 109|0x000000008b500000, 0x000000008b600000, 0x000000008b600000|100%| S|CS|TAMS 0x000000008b500000| PB 0x000000008b500000| Complete 
| 110|0x000000008b600000, 0x000000008b700000, 0x000000008b700000|100%| S|CS|TAMS 0x000000008b600000| PB 0x000000008b600000| Complete 
| 111|0x000000008b700000, 0x000000008b700000, 0x000000008b800000|  0%| F|  |TAMS 0x000000008b700000| PB 0x000000008b700000| Untracked 
| 112|0x000000008b800000, 0x000000008b800000, 0x000000008b900000|  0%| F|  |TAMS 0x000000008b800000| PB 0x000000008b800000| Untracked 
| 113|0x000000008b900000, 0x000000008b900000, 0x000000008ba00000|  0%| F|  |TAMS 0x000000008b900000| PB 0x000000008b900000| Untracked 
| 114|0x000000008ba00000, 0x000000008ba00000, 0x000000008bb00000|  0%| F|  |TAMS 0x000000008ba00000| PB 0x000000008ba00000| Untracked 
| 115|0x000000008bb00000, 0x000000008bb00000, 0x000000008bc00000|  0%| F|  |TAMS 0x000000008bb00000| PB 0x000000008bb00000| Untracked 
| 116|0x000000008bc00000, 0x000000008bc00000, 0x000000008bd00000|  0%| F|  |TAMS 0x000000008bc00000| PB 0x000000008bc00000| Untracked 
| 117|0x000000008bd00000, 0x000000008bd00000, 0x000000008be00000|  0%| F|  |TAMS 0x000000008bd00000| PB 0x000000008bd00000| Untracked 
| 118|0x000000008be00000, 0x000000008be00000, 0x000000008bf00000|  0%| F|  |TAMS 0x000000008be00000| PB 0x000000008be00000| Untracked 
| 119|0x000000008bf00000, 0x000000008bfa0a90, 0x000000008c000000| 62%| E|  |TAMS 0x000000008bf00000| PB 0x000000008bf00000| Complete 
| 120|0x000000008c000000, 0x000000008c100000, 0x000000008c100000|100%| E|CS|TAMS 0x000000008c000000| PB 0x000000008c000000| Complete 
| 121|0x000000008c100000, 0x000000008c200000, 0x000000008c200000|100%| E|CS|TAMS 0x000000008c100000| PB 0x000000008c100000| Complete 
| 122|0x000000008c200000, 0x000000008c300000, 0x000000008c300000|100%| E|CS|TAMS 0x000000008c200000| PB 0x000000008c200000| Complete 
| 123|0x000000008c300000, 0x000000008c400000, 0x000000008c400000|100%| E|CS|TAMS 0x000000008c300000| PB 0x000000008c300000| Complete 

Card table byte_map: [0x0000017ef65a0000,0x0000017ef6980000] _byte_map_base: 0x0000017ef617c000

Marking Bits: (CMBitMap*) 0x0000017edf139280
 Bits: [0x0000017ef6d60000, 0x0000017ef8c40000)

Polling page: 0x0000017edd060000

Metaspace:

Usage:
  Non-class:     11.45 MB used.
      Class:      1.39 MB used.
       Both:     12.84 MB used.

Virtual space:
  Non-class space:       64.00 MB reserved,      11.62 MB ( 18%) committed,  1 nodes.
      Class space:        1.00 GB reserved,       1.50 MB ( <1%) committed,  1 nodes.
             Both:        1.06 GB reserved,      13.12 MB (  1%) committed. 

Chunk freelists:
   Non-Class:  3.98 MB
       Class:  2.52 MB
        Both:  6.50 MB

MaxMetaspaceSize: unlimited
CompressedClassSpaceSize: 1.00 GB
Initial GC threshold: 21.00 MB
Current GC threshold: 21.00 MB
CDS: on
MetaspaceReclaimPolicy: balanced
 - commit_granule_bytes: 65536.
 - commit_granule_words: 8192.
 - virtual_space_node_default_size: 8388608.
 - enlarge_chunks_in_place: 1.
 - new_chunks_are_fully_committed: 0.
 - uncommit_free_chunks: 1.
 - use_allocation_guard: 0.


Internal statistics:

num_allocs_failed_limit: 0.
num_arena_births: 158.
num_arena_deaths: 0.
num_vsnodes_births: 2.
num_vsnodes_deaths: 0.
num_space_committed: 210.
num_space_uncommitted: 0.
num_chunks_returned_to_freelist: 0.
num_chunks_taken_from_freelist: 329.
num_chunk_merges: 0.
num_chunk_splits: 208.
num_chunks_enlarged: 124.
num_inconsistent_stats: 0.

CodeHeap 'non-profiled nmethods': size=120000Kb used=489Kb max_used=489Kb free=119510Kb
 bounds [0x0000017eeec90000, 0x0000017eeef00000, 0x0000017ef61c0000]
CodeHeap 'profiled nmethods': size=120000Kb used=2289Kb max_used=2289Kb free=117710Kb
 bounds [0x0000017ee71c0000, 0x0000017ee7430000, 0x0000017eee6f0000]
CodeHeap 'non-nmethods': size=5760Kb used=1615Kb max_used=1633Kb free=4144Kb
 bounds [0x0000017eee6f0000, 0x0000017eee960000, 0x0000017eeec90000]
 total_blobs=2019 nmethods=1401 adapters=529
 compilation: enabled
              stopped_count=0, restarted_count=0
 full_count=0

Compilation events (20 events):
Event: 1.592 Thread 0x0000017efb104670 1321       3       java.util.stream.Sink$ChainedReference::<init> (16 bytes)
Event: 1.592 Thread 0x0000017efb104670 nmethod 1321 0x0000017ee73cc290 code [0x0000017ee73cc440, 0x0000017ee73cc870]
Event: 1.593 Thread 0x0000017efb104670 1322       3       java.util.stream.Sink$ChainedReference::end (10 bytes)
Event: 1.593 Thread 0x0000017efb104670 nmethod 1322 0x0000017ee73cc990 code [0x0000017ee73ccb20, 0x0000017ee73cccf0]
Event: 1.595 Thread 0x0000017efb104670 1324       3       java.lang.invoke.VarHandleGuards::guard_LIJ_V (135 bytes)
Event: 1.599 Thread 0x0000017efb104670 nmethod 1324 0x0000017ee73ccd90 code [0x0000017ee73cd180, 0x0000017ee73cf688]
Event: 1.600 Thread 0x0000017efb104670 1325       3       java.lang.invoke.VarHandleByteArrayAsLongs$ArrayHandle::set (39 bytes)
Event: 1.600 Thread 0x0000017efb104670 nmethod 1325 0x0000017ee73d0190 code [0x0000017ee73d0340, 0x0000017ee73d0768]
Event: 1.600 Thread 0x0000017efb104670 1326  s    3       java.io.ByteArrayOutputStream::write (32 bytes)
Event: 1.600 Thread 0x0000017efb104670 nmethod 1326 0x0000017ee73d0910 code [0x0000017ee73d0aa0, 0x0000017ee73d0ce8]
Event: 1.601 Thread 0x0000017efb104670 1330       3       java.util.WeakHashMap::remove (131 bytes)
Event: 1.603 Thread 0x0000017efb104670 nmethod 1330 0x0000017ee73d0e10 code [0x0000017ee73d1040, 0x0000017ee73d1b98]
Event: 1.603 Thread 0x0000017efb104670 1329       3       java.util.Collections$SetFromMap::remove (19 bytes)
Event: 1.603 Thread 0x0000017efb104670 nmethod 1329 0x0000017ee73d1f90 code [0x0000017ee73d2120, 0x0000017ee73d2348]
Event: 1.603 Thread 0x0000017efb104670 1331       3       java.util.zip.ZipFile$Source::getEntryNext (9 bytes)
Event: 1.604 Thread 0x0000017efb104670 nmethod 1331 0x0000017ee73d2410 code [0x0000017ee73d25a0, 0x0000017ee73d26e0]
Event: 1.610 Thread 0x0000017efb104670 1332       3       jdk.internal.org.objectweb.asm.ClassReader::readUtf (161 bytes)
Event: 1.610 Thread 0x0000017efb104670 nmethod 1332 0x0000017ee73d2790 code [0x0000017ee73d2960, 0x0000017ee73d2dc8]
Event: 1.613 Thread 0x0000017efb104670 1333       3       java.lang.Class::descriptorString (170 bytes)
Event: 1.616 Thread 0x0000017efb104670 nmethod 1333 0x0000017ee73d3090 code [0x0000017ee73d34e0, 0x0000017ee73d4de8]

GC Heap History (2 events):
Event: 1.071 GC heap before
{Heap before GC invocations=0 (full 0):
 garbage-first heap   total 126976K, used 13312K [0x0000000084800000, 0x0000000100000000)
  region size 1024K, 13 young (13312K), 0 survivors (0K)
 Metaspace       used 8252K, committed 8448K, reserved 1114112K
  class space    used 865K, committed 960K, reserved 1048576K
}
Event: 1.080 GC heap after
{Heap after GC invocations=1 (full 0):
 garbage-first heap   total 126976K, used 3544K [0x0000000084800000, 0x0000000100000000)
  region size 1024K, 2 young (2048K), 2 survivors (2048K)
 Metaspace       used 8252K, committed 8448K, reserved 1114112K
  class space    used 865K, committed 960K, reserved 1048576K
}

Dll operation events (9 events):
Event: 0.014 Loaded shared library C:\Program Files\Java\jdk-20\bin\java.dll
Event: 0.040 Loaded shared library C:\Program Files\Java\jdk-20\bin\jsvml.dll
Event: 0.121 Loaded shared library C:\Program Files\Java\jdk-20\bin\net.dll
Event: 0.123 Loaded shared library C:\Program Files\Java\jdk-20\bin\nio.dll
Event: 0.168 Loaded shared library C:\Program Files\Java\jdk-20\bin\zip.dll
Event: 0.191 Loaded shared library C:\Program Files\Java\jdk-20\bin\jimage.dll
Event: 0.216 Loaded shared library C:\Program Files\Java\jdk-20\bin\awt.dll
Event: 0.860 Loaded shared library C:\Program Files\Java\jdk-20\bin\extnet.dll
Event: 1.267 Loaded shared library C:\Program Files\Java\jdk-20\bin\sunmscapi.dll

Deoptimization events (20 events):
Event: 1.117 Thread 0x0000017edf0d7800 Uncommon trap: trap_request=0xffffffc6 fr.pc=0x0000017eeecdefa8 relative=0x00000000000002e8
Event: 1.117 Thread 0x0000017edf0d7800 Uncommon trap: reason=bimorphic_or_optimized_type_check action=maybe_recompile pc=0x0000017eeecdefa8 method=java.util.concurrent.ConcurrentHashMap.get(Ljava/lang/Object;)Ljava/lang/Object; @ 149 c2
Event: 1.117 Thread 0x0000017edf0d7800 DEOPT PACKING pc=0x0000017eeecdefa8 sp=0x0000005bbcefc060
Event: 1.117 Thread 0x0000017edf0d7800 DEOPT UNPACKING pc=0x0000017eee759d22 sp=0x0000005bbcefbfd0 mode 2
Event: 1.127 Thread 0x0000017edf0d7800 Uncommon trap: trap_request=0xffffffc6 fr.pc=0x0000017eeecdefa8 relative=0x00000000000002e8
Event: 1.127 Thread 0x0000017edf0d7800 Uncommon trap: reason=bimorphic_or_optimized_type_check action=maybe_recompile pc=0x0000017eeecdefa8 method=java.util.concurrent.ConcurrentHashMap.get(Ljava/lang/Object;)Ljava/lang/Object; @ 149 c2
Event: 1.127 Thread 0x0000017edf0d7800 DEOPT PACKING pc=0x0000017eeecdefa8 sp=0x0000005bbcefcbf0
Event: 1.127 Thread 0x0000017edf0d7800 DEOPT UNPACKING pc=0x0000017eee759d22 sp=0x0000005bbcefcb60 mode 2
Event: 1.129 Thread 0x0000017edf0d7800 Uncommon trap: trap_request=0xffffffc6 fr.pc=0x0000017eeecdefa8 relative=0x00000000000002e8
Event: 1.129 Thread 0x0000017edf0d7800 Uncommon trap: reason=bimorphic_or_optimized_type_check action=maybe_recompile pc=0x0000017eeecdefa8 method=java.util.concurrent.ConcurrentHashMap.get(Ljava/lang/Object;)Ljava/lang/Object; @ 149 c2
Event: 1.129 Thread 0x0000017edf0d7800 DEOPT PACKING pc=0x0000017eeecdefa8 sp=0x0000005bbcefc880
Event: 1.129 Thread 0x0000017edf0d7800 DEOPT UNPACKING pc=0x0000017eee759d22 sp=0x0000005bbcefc7f0 mode 2
Event: 1.279 Thread 0x0000017edf0d7800 Uncommon trap: trap_request=0xffffff45 fr.pc=0x0000017eeece1ac0 relative=0x00000000000002a0
Event: 1.279 Thread 0x0000017edf0d7800 Uncommon trap: reason=unstable_if action=reinterpret pc=0x0000017eeece1ac0 method=java.util.HashMap.putVal(ILjava/lang/Object;Ljava/lang/Object;ZZ)Ljava/lang/Object; @ 162 c2
Event: 1.279 Thread 0x0000017edf0d7800 DEOPT PACKING pc=0x0000017eeece1ac0 sp=0x0000005bbcefc6f0
Event: 1.279 Thread 0x0000017edf0d7800 DEOPT UNPACKING pc=0x0000017eee759d22 sp=0x0000005bbcefc628 mode 2
Event: 1.538 Thread 0x0000017edf0d7800 Uncommon trap: trap_request=0xffffff45 fr.pc=0x0000017eeecd29d4 relative=0x00000000000000d4
Event: 1.538 Thread 0x0000017edf0d7800 Uncommon trap: reason=unstable_if action=reinterpret pc=0x0000017eeecd29d4 method=java.util.concurrent.locks.ReentrantLock$Sync.tryRelease(I)Z @ 26 c2
Event: 1.538 Thread 0x0000017edf0d7800 DEOPT PACKING pc=0x0000017eeecd29d4 sp=0x0000005bbcefe690
Event: 1.538 Thread 0x0000017edf0d7800 DEOPT UNPACKING pc=0x0000017eee759d22 sp=0x0000005bbcefe630 mode 2

Classes loaded (20 events):
Event: 1.594 Loading class com/sun/crypto/provider/GaloisCounterMode$EncryptOp
Event: 1.594 Loading class com/sun/crypto/provider/GaloisCounterMode$EncryptOp done
Event: 1.595 Loading class sun/security/ssl/X509Authentication$X509Possession
Event: 1.595 Loading class sun/security/ssl/X509Authentication$X509Possession done
Event: 1.600 Loading class javax/net/ssl/SSLEngineResult$HandshakeStatus
Event: 1.600 Loading class javax/net/ssl/SSLEngineResult$HandshakeStatus done
Event: 1.600 Loading class jdk/internal/event/TLSHandshakeEvent
Event: 1.600 Loading class jdk/internal/event/TLSHandshakeEvent done
Event: 1.605 Loading class java/security/DigestException
Event: 1.605 Loading class java/security/DigestException done
Event: 1.608 Loading class javax/security/sasl/SaslException
Event: 1.608 Loading class javax/security/sasl/SaslException done
Event: 1.608 Loading class javax/security/auth/callback/UnsupportedCallbackException
Event: 1.608 Loading class javax/security/auth/callback/UnsupportedCallbackException done
Event: 1.608 Loading class javax/security/auth/login/Configuration
Event: 1.608 Loading class javax/security/auth/login/Configuration done
Event: 1.609 Loading class javax/security/auth/callback/Callback
Event: 1.609 Loading class javax/security/auth/callback/Callback done
Event: 1.609 Loading class sun/invoke/util/VerifyAccess$1
Event: 1.609 Loading class sun/invoke/util/VerifyAccess$1 done

Classes unloaded (0 events):
No events

Classes redefined (0 events):
No events

Internal exceptions (20 events):
Event: 0.130 Thread 0x0000017edf0d7800 Exception <a 'sun/nio/fs/WindowsException'{0x000000008c2424f8}> (0x000000008c2424f8) 
thrown [s\open\src\hotspot\share\prims\jni.cpp, line 519]
Event: 0.130 Thread 0x0000017edf0d7800 Exception <a 'sun/nio/fs/WindowsException'{0x000000008c285b70}> (0x000000008c285b70) 
thrown [s\open\src\hotspot\share\prims\jni.cpp, line 519]
Event: 0.200 Thread 0x0000017edf0d7800 Exception <a 'java/lang/ClassNotFoundException'{0x000000008c14b5a0}: sun/awt/resources/spi/awtProvider> (0x000000008c14b5a0) 
thrown [s\open\src\hotspot\share\classfile\systemDictionary.cpp, line 305]
Event: 0.236 Thread 0x0000017edf0d7800 Exception <a 'java/io/FileNotFoundException'{0x000000008c1a1dc8}> (0x000000008c1a1dc8) 
thrown [s\open\src\hotspot\share\prims\jni.cpp, line 519]
Event: 0.247 Thread 0x0000017edf0d7800 Exception <a 'java/io/FileNotFoundException'{0x000000008c1cc380}> (0x000000008c1cc380) 
thrown [s\open\src\hotspot\share\prims\jni.cpp, line 519]
Event: 0.371 Thread 0x0000017edf0d7800 Exception <a 'java/lang/NoSuchMethodError'{0x000000008c0e69a8}: 'void java.lang.invoke.DirectMethodHandle$Holder.invokeSpecial(java.lang.Object, java.lang.Object, java.lang.Object)'> (0x000000008c0e69a8) 
thrown [s\open\src\hotspot\share\interpreter\linkResolver.cpp, line 773]
Event: 0.389 Thread 0x0000017edf0d7800 Exception <a 'java/lang/NoSuchMethodError'{0x000000008bf11748}: 'java.lang.Object java.lang.invoke.DirectMethodHandle$Holder.newInvokeSpecial(java.lang.Object, java.lang.Object, java.lang.Object, java.lang.Object, java.lang.Object)'> (0x000000008bf11748) 
thrown [s\open\src\hotspot\share\interpreter\linkResolver.cpp, line 773]
Event: 0.405 Thread 0x0000017edf0d7800 Exception <a 'java/lang/NoSuchMethodError'{0x000000008bf41ff0}: 'java.lang.Object java.lang.invoke.DirectMethodHandle$Holder.invokeStatic(java.lang.Object, int, java.lang.Object)'> (0x000000008bf41ff0) 
thrown [s\open\src\hotspot\share\interpreter\linkResolver.cpp, line 773]
Event: 0.461 Thread 0x0000017edf0d7800 Exception <a 'java/lang/ClassNotFoundException'{0x000000008be35410}: com/sun/swing/internal/plaf/metal/resources/spi/metalProvider> (0x000000008be35410) 
thrown [s\open\src\hotspot\share\classfile\systemDictionary.cpp, line 305]
Event: 0.462 Thread 0x0000017edf0d7800 Exception <a 'java/lang/ClassNotFoundException'{0x000000008be39320}: com/sun/swing/internal/plaf/basic/resources/spi/basicProvider> (0x000000008be39320) 
thrown [s\open\src\hotspot\share\classfile\systemDictionary.cpp, line 305]
Event: 0.478 Thread 0x0000017edf0d7800 Exception <a 'java/lang/NoSuchMethodError'{0x000000008be58ab8}: 'int java.lang.invoke.Invokers$Holder.invokeExact_MT(java.lang.Object, java.lang.Object)'> (0x000000008be58ab8) 
thrown [s\open\src\hotspot\share\interpreter\linkResolver.cpp, line 773]
Event: 0.633 Thread 0x0000017edf0d7800 Exception <a 'java/lang/NoSuchMethodError'{0x000000008bd74378}: 'java.lang.Object java.lang.invoke.DirectMethodHandle$Holder.invokeInterface(java.lang.Object, java.lang.Object)'> (0x000000008bd74378) 
thrown [s\open\src\hotspot\share\interpreter\linkResolver.cpp, line 773]
Event: 0.690 Thread 0x0000017edf0d7800 Exception <a 'java/lang/NoSuchMethodError'{0x000000008bdedb98}: 'void java.lang.invoke.DirectMethodHandle$Holder.invokeStatic(java.lang.Object, java.lang.Object, java.lang.Object)'> (0x000000008bdedb98) 
thrown [s\open\src\hotspot\share\interpreter\linkResolver.cpp, line 773]
Event: 0.696 Thread 0x0000017edf0d7800 Exception <a 'java/lang/NoSuchMethodError'{0x000000008bdfbc28}: 'java.lang.Object java.lang.invoke.DirectMethodHandle$Holder.invokeVirtual(java.lang.Object, java.lang.Object, java.lang.Object)'> (0x000000008bdfbc28) 
thrown [s\open\src\hotspot\share\interpreter\linkResolver.cpp, line 773]
Event: 0.862 Thread 0x0000017edf0d7800 Exception <a 'java/lang/NoSuchMethodError'{0x000000008baf4ef0}: 'void java.lang.invoke.DirectMethodHandle$Holder.invokeStatic(java.lang.Object, java.lang.Object)'> (0x000000008baf4ef0) 
thrown [s\open\src\hotspot\share\interpreter\linkResolver.cpp, line 773]
Event: 0.981 Thread 0x0000017edf0d7800 Exception <a 'java/lang/NoSuchMethodError'{0x000000008b8e7c50}: 'void java.lang.invoke.DirectMethodHandle$Holder.invokeStaticInit(java.lang.Object, java.lang.Object)'> (0x000000008b8e7c50) 
thrown [s\open\src\hotspot\share\interpreter\linkResolver.cpp, line 773]
Event: 1.085 Thread 0x0000017edf0d7800 Exception <a 'sun/nio/fs/WindowsException'{0x000000008c316a88}> (0x000000008c316a88) 
thrown [s\open\src\hotspot\share\prims\jni.cpp, line 519]
Event: 1.152 Thread 0x0000017edf0d7800 Exception <a 'java/lang/NoSuchMethodError'{0x000000008c3e7188}: 'java.lang.Object java.lang.invoke.DirectMethodHandle$Holder.invokeStaticInit(java.lang.Object, int, int, int, int)'> (0x000000008c3e7188) 
thrown [s\open\src\hotspot\share\interpreter\linkResolver.cpp, line 773]
Event: 1.235 Thread 0x0000017edf0d7800 Exception <a 'java/lang/NoSuchMethodError'{0x000000008c25cba0}: 'java.lang.Object java.lang.invoke.DirectMethodHandle$Holder.invokeStaticInit(java.lang.Object, java.lang.Object, int, int, int, int)'> (0x000000008c25cba0) 
thrown [s\open\src\hotspot\share\interpreter\linkResolver.cpp, line 773]
Event: 1.524 Thread 0x0000017edf0d7800 Exception <a 'java/lang/NoSuchMethodError'{0x000000008c1e1ea8}: 'void java.lang.invoke.DirectMethodHandle$Holder.invokeVirtual(java.lang.Object, java.lang.Object)'> (0x000000008c1e1ea8) 
thrown [s\open\src\hotspot\share\interpreter\linkResolver.cpp, line 773]

VM Operations (14 events):
Event: 0.132 Executing VM operation: HandshakeAllThreads
Event: 0.132 Executing VM operation: HandshakeAllThreads done
Event: 0.258 Executing VM operation: HandshakeAllThreads
Event: 0.258 Executing VM operation: HandshakeAllThreads done
Event: 0.534 Executing VM operation: HandshakeAllThreads
Event: 0.534 Executing VM operation: HandshakeAllThreads done
Event: 0.603 Executing VM operation: HandshakeAllThreads
Event: 0.603 Executing VM operation: HandshakeAllThreads done
Event: 0.841 Executing VM operation: HandshakeAllThreads
Event: 0.841 Executing VM operation: HandshakeAllThreads done
Event: 1.071 Executing VM operation: G1CollectForAllocation
Event: 1.080 Executing VM operation: G1CollectForAllocation done
Event: 1.551 Executing VM operation: HandshakeAllThreads
Event: 1.551 Executing VM operation: HandshakeAllThreads done

Events (17 events):
Event: 0.040 Thread 0x0000017edf0d7800 Thread added: 0x0000017edf0d7800
Event: 0.061 Thread 0x0000017efb0eb240 Thread added: 0x0000017efb0eb240
Event: 0.061 Thread 0x0000017efb0ece90 Thread added: 0x0000017efb0ece90
Event: 0.062 Thread 0x0000017efb0f2240 Thread added: 0x0000017efb0f2240
Event: 0.062 Thread 0x0000017efb0f2b80 Thread added: 0x0000017efb0f2b80
Event: 0.062 Thread 0x0000017efb0f4fb0 Thread added: 0x0000017efb0f4fb0
Event: 0.062 Thread 0x0000017efb0f6090 Thread added: 0x0000017efb0f6090
Event: 0.062 Thread 0x0000017efb100390 Thread added: 0x0000017efb100390
Event: 0.062 Thread 0x0000017efb104670 Thread added: 0x0000017efb104670
Event: 0.101 Thread 0x0000017eff462840 Thread added: 0x0000017eff462840
Event: 0.156 Thread 0x0000017eff4e3e40 Thread added: 0x0000017eff4e3e40
Event: 0.172 Thread 0x0000017edf0da700 Thread added: 0x0000017edf0da700
Event: 0.309 Thread 0x0000017eff721ae0 Thread added: 0x0000017eff721ae0
Event: 0.312 Thread 0x0000017eff61adc0 Thread added: 0x0000017eff61adc0
Event: 0.315 Thread 0x0000017eff72d7f0 Thread added: 0x0000017eff72d7f0
Event: 0.537 Thread 0x0000017eff7d3010 Thread added: 0x0000017eff7d3010
Event: 1.332 Thread 0x0000017eff61adc0 Thread exited: 0x0000017eff61adc0


Dynamic libraries:
0x00007ff7efaf0000 - 0x00007ff7efb00000 	C:\Program Files\Java\jdk-20\bin\java.exe
0x00007ff9d7bd0000 - 0x00007ff9d7dc8000 	C:\WINDOWS\SYSTEM32\ntdll.dll
0x00007ff9d7160000 - 0x00007ff9d721d000 	C:\WINDOWS\System32\KERNEL32.DLL
0x00007ff9d5400000 - 0x00007ff9d56f6000 	C:\WINDOWS\System32\KERNELBASE.dll
0x00007ff9d5890000 - 0x00007ff9d5990000 	C:\WINDOWS\System32\ucrtbase.dll
0x00007ff9cede0000 - 0x00007ff9cedfb000 	C:\Program Files\Java\jdk-20\bin\VCRUNTIME140.dll
0x00007ff9ce150000 - 0x00007ff9ce169000 	C:\Program Files\Java\jdk-20\bin\jli.dll
0x00007ff9d7050000 - 0x00007ff9d70fe000 	C:\WINDOWS\System32\ADVAPI32.dll
0x00007ff9d6e00000 - 0x00007ff9d6e9e000 	C:\WINDOWS\System32\msvcrt.dll
0x00007ff9d6210000 - 0x00007ff9d62ac000 	C:\WINDOWS\System32\sechost.dll
0x00007ff9d60e0000 - 0x00007ff9d6206000 	C:\WINDOWS\System32\RPCRT4.dll
0x00007ff9d6620000 - 0x00007ff9d67be000 	C:\WINDOWS\System32\USER32.dll
0x00007ff9d5860000 - 0x00007ff9d5882000 	C:\WINDOWS\System32\win32u.dll
0x00007ff9d72d0000 - 0x00007ff9d72fc000 	C:\WINDOWS\System32\GDI32.dll
0x00007ff9d5b10000 - 0x00007ff9d5c2a000 	C:\WINDOWS\System32\gdi32full.dll
0x00007ff9c2740000 - 0x00007ff9c29da000 	C:\WINDOWS\WinSxS\amd64_microsoft.windows.common-controls_6595b64144ccf1df_6.0.19041.1110_none_60b5254171f9507e\COMCTL32.dll
0x00007ff9d59e0000 - 0x00007ff9d5a7d000 	C:\WINDOWS\System32\msvcp_win.dll
0x00007ff9cb540000 - 0x00007ff9cb54a000 	C:\WINDOWS\SYSTEM32\VERSION.dll
0x00007ff9d7020000 - 0x00007ff9d7050000 	C:\WINDOWS\System32\IMM32.DLL
0x00007ff9cee10000 - 0x00007ff9cee1c000 	C:\Program Files\Java\jdk-20\bin\vcruntime140_1.dll
0x00007ff9cf760000 - 0x00007ff9cf7ee000 	C:\Program Files\Java\jdk-20\bin\msvcp140.dll
0x00007ff95a820000 - 0x00007ff95b4b8000 	C:\Program Files\Java\jdk-20\bin\server\jvm.dll
0x00007ff9bf020000 - 0x00007ff9bf029000 	C:\WINDOWS\SYSTEM32\WSOCK32.dll
0x00007ff9c1ad0000 - 0x00007ff9c1af7000 	C:\WINDOWS\SYSTEM32\WINMM.dll
0x00007ff9d6ce0000 - 0x00007ff9d6d4b000 	C:\WINDOWS\System32\WS2_32.dll
0x00007ff9d3ad0000 - 0x00007ff9d3ae2000 	C:\WINDOWS\SYSTEM32\kernel.appcore.dll
0x00007ff9ce320000 - 0x00007ff9ce32a000 	C:\Program Files\Java\jdk-20\bin\jimage.dll
0x00007ff9d2950000 - 0x00007ff9d2b34000 	C:\WINDOWS\SYSTEM32\DBGHELP.DLL
0x00007ff9cc040000 - 0x00007ff9cc074000 	C:\WINDOWS\SYSTEM32\dbgcore.DLL
0x00007ff9d5a80000 - 0x00007ff9d5b02000 	C:\WINDOWS\System32\bcryptPrimitives.dll
0x00007ff9ccae0000 - 0x00007ff9ccb06000 	C:\Program Files\Java\jdk-20\bin\java.dll
0x00007ff9c5f20000 - 0x00007ff9c5ff7000 	C:\Program Files\Java\jdk-20\bin\jsvml.dll
0x00007ff9d7430000 - 0x00007ff9d7b75000 	C:\WINDOWS\System32\SHELL32.dll
0x00007ff9d3320000 - 0x00007ff9d3abb000 	C:\WINDOWS\SYSTEM32\windows.storage.dll
0x00007ff9d5c90000 - 0x00007ff9d5fe4000 	C:\WINDOWS\System32\combase.dll
0x00007ff9d4c80000 - 0x00007ff9d4cae000 	C:\WINDOWS\SYSTEM32\Wldp.dll
0x00007ff9d67c0000 - 0x00007ff9d686d000 	C:\WINDOWS\System32\SHCORE.dll
0x00007ff9d5c30000 - 0x00007ff9d5c85000 	C:\WINDOWS\System32\shlwapi.dll
0x00007ff9d51e0000 - 0x00007ff9d5205000 	C:\WINDOWS\SYSTEM32\profapi.dll
0x00007ff9ccb70000 - 0x00007ff9ccb83000 	C:\Program Files\Java\jdk-20\bin\net.dll
0x00007ff9c6740000 - 0x00007ff9c684a000 	C:\WINDOWS\SYSTEM32\WINHTTP.dll
0x00007ff9d4980000 - 0x00007ff9d49ea000 	C:\WINDOWS\system32\mswsock.dll
0x00007ff9c5f00000 - 0x00007ff9c5f16000 	C:\Program Files\Java\jdk-20\bin\nio.dll
0x00007ff9c5ee0000 - 0x00007ff9c5ef8000 	C:\Program Files\Java\jdk-20\bin\zip.dll
0x00007ff9b2130000 - 0x00007ff9b22c1000 	C:\Program Files\Java\jdk-20\bin\awt.dll
0x00007ff9d6010000 - 0x00007ff9d60dd000 	C:\WINDOWS\System32\OLEAUT32.dll
0x00007ff9d26c0000 - 0x00007ff9d2751000 	C:\WINDOWS\SYSTEM32\apphelp.dll
0x00007ff9d2e50000 - 0x00007ff9d2e7f000 	C:\WINDOWS\system32\DWMAPI.DLL
0x00007ff9d2c70000 - 0x00007ff9d2d0e000 	C:\WINDOWS\system32\uxtheme.dll
0x00007ff9c03e0000 - 0x00007ff9c0505000 	C:\WINDOWS\system32\opengl32.dll
0x00007ff9c02f0000 - 0x00007ff9c031c000 	C:\WINDOWS\SYSTEM32\GLU32.dll
0x00007ff9d6f00000 - 0x00007ff9d7014000 	C:\WINDOWS\System32\MSCTF.dll
0x00007ff9d7300000 - 0x00007ff9d742a000 	C:\WINDOWS\System32\ole32.dll
0x00007ff9d46b0000 - 0x00007ff9d477a000 	C:\WINDOWS\SYSTEM32\DNSAPI.dll
0x00007ff9d4670000 - 0x00007ff9d46ab000 	C:\WINDOWS\SYSTEM32\IPHLPAPI.DLL
0x00007ff9d7b80000 - 0x00007ff9d7b88000 	C:\WINDOWS\System32\NSI.dll
0x00007ff9ccd00000 - 0x00007ff9ccd0a000 	C:\Windows\System32\rasadhlp.dll
0x00007ff9c3f50000 - 0x00007ff9c3fd2000 	C:\WINDOWS\System32\fwpuclnt.dll
0x00007ff9d5360000 - 0x00007ff9d5387000 	C:\WINDOWS\System32\bcrypt.dll
0x00007ff9cfc60000 - 0x00007ff9cfc67000 	C:\Program Files\Java\jdk-20\bin\extnet.dll
0x00007ff9d4b70000 - 0x00007ff9d4b88000 	C:\WINDOWS\SYSTEM32\CRYPTSP.dll
0x00007ff9d4290000 - 0x00007ff9d42c4000 	C:\WINDOWS\system32\rsaenh.dll
0x00007ff9d51a0000 - 0x00007ff9d51ce000 	C:\WINDOWS\SYSTEM32\USERENV.dll
0x00007ff9d4b90000 - 0x00007ff9d4b9c000 	C:\WINDOWS\SYSTEM32\CRYPTBASE.dll
0x00007ff9c6a00000 - 0x00007ff9c6a17000 	C:\WINDOWS\SYSTEM32\dhcpcsvc6.DLL
0x00007ff9c9ff0000 - 0x00007ff9ca00d000 	C:\WINDOWS\SYSTEM32\dhcpcsvc.DLL
0x00007ff9cfe00000 - 0x00007ff9cfe0e000 	C:\Program Files\Java\jdk-20\bin\sunmscapi.dll
0x00007ff9d5700000 - 0x00007ff9d585e000 	C:\WINDOWS\System32\CRYPT32.dll
0x00007ff9d4cf0000 - 0x00007ff9d4d18000 	C:\WINDOWS\SYSTEM32\ncrypt.dll
0x00007ff9d4cb0000 - 0x00007ff9d4ceb000 	C:\WINDOWS\SYSTEM32\NTASN1.dll

dbghelp: loaded successfully - version: 4.0.5 - missing functions: none
symbol engine: initialized successfully - sym options: 0x614 - pdb path: .;C:\Program Files\Java\jdk-20\bin;C:\WINDOWS\SYSTEM32;C:\WINDOWS\WinSxS\amd64_microsoft.windows.common-controls_6595b64144ccf1df_6.0.19041.1110_none_60b5254171f9507e;C:\Program Files\Java\jdk-20\bin\server

VM Arguments:
jvm_args: -Dfile.encoding=UTF-8 --module-path=D:\netBeans\Electricity Billing System\build\classes 
java_command: electricity.billing.system.PayBill
java_class_path (initial): C:\Users\VIKUL DHIMAN\Downloads\mysql-connector-java-8.0.28.jar;C:\Users\VIKUL DHIMAN\Downloads\rs2xml.jar;D:\netBeans\Electricity Billing System\build\classes
Launcher Type: SUN_STANDARD

[Global flags]
     intx CICompilerCount                          = 3                                         {product} {ergonomic}
     uint ConcGCThreads                            = 1                                         {product} {ergonomic}
     uint G1ConcRefinementThreads                  = 4                                         {product} {ergonomic}
   size_t G1HeapRegionSize                         = 1048576                                   {product} {ergonomic}
    uintx GCDrainStackTargetSize                   = 64                                        {product} {ergonomic}
   size_t InitialHeapSize                          = 130023424                                 {product} {ergonomic}
   size_t MarkStackSize                            = 4194304                                   {product} {ergonomic}
   size_t MaxHeapSize                              = 2071986176                                {product} {ergonomic}
   size_t MaxNewSize                               = 1242562560                                {product} {ergonomic}
   size_t MinHeapDeltaBytes                        = 1048576                                   {product} {ergonomic}
   size_t MinHeapSize                              = 8388608                                   {product} {ergonomic}
    uintx NonNMethodCodeHeapSize                   = 5832780                                {pd product} {ergonomic}
    uintx NonProfiledCodeHeapSize                  = 122912730                              {pd product} {ergonomic}
    uintx ProfiledCodeHeapSize                     = 122912730                              {pd product} {ergonomic}
    uintx ReservedCodeCacheSize                    = 251658240                              {pd product} {ergonomic}
     bool SegmentedCodeCache                       = true                                      {product} {ergonomic}
   size_t SoftMaxHeapSize                          = 2071986176                             {manageable} {ergonomic}
     bool UseCompressedClassPointers               = true                           {product lp64_product} {ergonomic}
     bool UseCompressedOops                        = true                           {product lp64_product} {ergonomic}
     bool UseG1GC                                  = true                                      {product} {ergonomic}
     bool UseLargePagesIndividualAllocation        = false                                  {pd product} {ergonomic}

Logging:
Log output configuration:
 #0: stdout all=warning uptime,level,tags foldmultilines=false
 #1: stderr all=off uptime,level,tags foldmultilines=false

Environment Variables:
PATH=C:\Program Files\Common Files\Oracle\Java\javapath;C:\WINDOWS\system32;C:\WINDOWS;C:\WINDOWS\System32\Wbem;C:\WINDOWS\System32\WindowsPowerShell\v1.0\;C:\WINDOWS\System32\OpenSSH\;C:\MinGW\bin;C:\Program Files\Git\cmd;C:\Program Files\dotnet\;C:\Program Files\MySQL\MySQL Shell 8.0\bin\;C:\Users\VIKUL DHIMAN\AppData\Local\Programs\Microsoft VS Code\bin;C:\Program Files\Java\jdk-20\bin;
USERNAME=VIKUL DHIMAN
OS=Windows_NT
PROCESSOR_IDENTIFIER=Intel64 Family 6 Model 78 Stepping 3, GenuineIntel
TMP=C:\Users\VIKULD~1\AppData\Local\Temp
TEMP=C:\Users\VIKULD~1\AppData\Local\Temp




---------------  S Y S T E M  ---------------

OS:
 Windows 10 , 64 bit Build 19041 (10.0.19041.3393)
OS uptime: 1 days 3:21 hours

CPU: total 4 (initial active 4) (2 cores per cpu, 2 threads per core) family 6 model 78 stepping 3 microcode 0xea, cx8, cmov, fxsr, ht, mmx, 3dnowpref, sse, sse2, sse3, ssse3, sse4.1, sse4.2, popcnt, lzcnt, tsc, tscinvbit, avx, avx2, aes, erms, clmul, bmi1, bmi2, adx, fma, vzeroupper, clflush, clflushopt, rdtscp, f16c

Memory: 4k page, system-wide physical 7898M (1283M free)
TotalPageFile size 23379M (AvailPageFile size 5M)
current process WorkingSet (physical memory assigned to process): 87M, peak: 87M
current process commit charge ("private bytes"): 225M, peak: 226M

vm_info: Java HotSpot(TM) 64-Bit Server VM (20.0.2+9-78) for windows-amd64 JRE (20.0.2+9-78), built on 2023-06-14T10:08:48Z by "mach5one" with MS VC++ 17.1 (VS2022)

END.
