#
# There is insufficient memory for the Java Runtime Environment to continue.
# Native memory allocation (mmap) failed to map 130023424 bytes for G1 virtual space
# Possible reasons:
#   The system is out of physical RAM or swap space
#   The process is running with CompressedOops enabled, and the Java Heap may be blocking the growth of the native heap
# Possible solutions:
#   Reduce memory load on the system
#   Increase physical memory or swap space
#   Check if swap backing store is full
#   Decrease Java heap size (-Xmx/-Xms)
#   Decrease number of Java threads
#   Decrease Java thread stack sizes (-Xss)
#   Set larger code cache with -XX:ReservedCodeCacheSize=
#   JVM is running with Unscaled Compressed Oops mode in which the Java heap is
#     placed in the first 4GB address space. The Java Heap base address is the
#     maximum limit for the native heap growth. Please use -XX:HeapBaseMinAddress
#     to set the Java Heap base and to place the Java Heap above 4GB virtual address.
# This output file may be truncated or incomplete.
#
#  Out of Memory Error (os_windows.cpp:3528), pid=11428, tid=18336
#
# JRE version:  (20.0.2+9) (build )
# Java VM: Java HotSpot(TM) 64-Bit Server VM (20.0.2+9-78, mixed mode, sharing, tiered, compressed oops, compressed class ptrs, g1 gc, windows-amd64)
# No core dump will be written. Minidumps are not enabled by default on client versions of Windows
#

---------------  S U M M A R Y ------------

Command Line: -Dfile.encoding=UTF-8 --module-path=D:\netBeans\Electricity Billing System\build\classes electricity.billing.system.CalculateBill

Host: Intel(R) Core(TM) i3-6006U CPU @ 2.00GHz, 4 cores, 7G,  Windows 10 , 64 bit Build 19041 (10.0.19041.3393)
Time: Wed Sep  6 16:53:44 2023 India Standard Time elapsed time: 0.059627 seconds (0d 0h 0m 0s)

---------------  T H R E A D  ---------------

Current thread (0x000001a6185573c0):  JavaThread "Unknown thread" [_thread_in_vm, id=18336, stack(0x000000478d100000,0x000000478d200000)]

Stack: [0x000000478d100000,0x000000478d200000]
Native frames: (J=compiled Java code, j=interpreted, Vv=VM code, C=native code)
V  [jvm.dll+0x6bc25a]
V  [jvm.dll+0x84971a]
V  [jvm.dll+0x84b315]
V  [jvm.dll+0x84ba13]
V  [jvm.dll+0x280e4f]
V  [jvm.dll+0x6b8fe9]
V  [jvm.dll+0x6adbca]
V  [jvm.dll+0x35b165]
V  [jvm.dll+0x363386]
V  [jvm.dll+0x3b400e]
V  [jvm.dll+0x3b4295]
V  [jvm.dll+0x32b86a]
V  [jvm.dll+0x32c68b]
V  [jvm.dll+0x8123df]
V  [jvm.dll+0x3c1261]
V  [jvm.dll+0x7fe103]
V  [jvm.dll+0x44ccaf]
V  [jvm.dll+0x44e621]
C  [jli.dll+0x5287]
C  [ucrtbase.dll+0x21bb2]
C  [KERNEL32.DLL+0x17344]
C  [ntdll.dll+0x526b1]


---------------  P R O C E S S  ---------------

Threads class SMR info:
_java_thread_list=0x00007ff98e75b118, length=0, elements={
}

Java Threads: ( => current thread )

Other Threads:
  0x000001a6185b7840 WorkerThread "GC Thread#0" [stack: 0x000000478d200000,0x000000478d300000] [id=21872]
  0x000001a6185c7e50 ConcurrentGCThread "G1 Main Marker" [stack: 0x000000478d300000,0x000000478d400000] [id=1584]
  0x000001a6185c9a30 WorkerThread "G1 Conc#0" [stack: 0x000000478d400000,0x000000478d500000] [id=24556]

[error occurred during error reporting (printing all threads), id 0xc0000005, EXCEPTION_ACCESS_VIOLATION (0xc0000005) at pc=0x00007ff98df3eea7]
VM state: not at safepoint (not fully initialized)

VM Mutex/Monitor currently owned by a thread:  ([mutex/lock_event])
[0x000001a618553180] Heap_lock - owner thread: 0x000001a6185573c0

Heap address: 0x0000000084800000, size: 1976 MB, Compressed Oops mode: 32-bit

CDS archive(s) mapped at: [0x0000000000000000-0x0000000000000000-0x0000000000000000), size 0, SharedBaseAddress: 0x0000000800000000, ArchiveRelocationMode: 1.
Narrow klass base: 0x0000000000000000, Narrow klass shift: 0, Narrow klass range: 0x0

GC Precious Log:
 CardTable entry size: 512
 Card Set container configuration: InlinePtr #cards 5 size 8 Array Of Cards #cards 12 size 40 Howl #buckets 4 coarsen threshold 1843 Howl Bitmap #cards 512 size 80 coarsen threshold 460 Card regions per heap region 1 cards per card region 2048

Heap:
 garbage-first heap   total 0K, used 0K [0x0000000084800000, 0x0000000100000000)
  region size 1024K, 0 young (0K), 0 survivors (0K)

[error occurred during error reporting (printing heap information), id 0xc0000005, EXCEPTION_ACCESS_VIOLATION (0xc0000005) at pc=0x00007ff98e3147b9]
GC Heap History (0 events):
No events

Dll operation events (1 events):
Event: 0.033 Loaded shared library C:\Program Files\Java\jdk-20\bin\java.dll

Deoptimization events (0 events):
No events

Classes loaded (0 events):
No events

Classes unloaded (0 events):
No events

Classes redefined (0 events):
No events

Internal exceptions (0 events):
No events

VM Operations (0 events):
No events

Events (0 events):
No events


Dynamic libraries:
0x00007ff77c830000 - 0x00007ff77c840000 	C:\Program Files\Java\jdk-20\bin\java.exe
0x00007ff9eda70000 - 0x00007ff9edc68000 	C:\WINDOWS\SYSTEM32\ntdll.dll
0x00007ff9ed970000 - 0x00007ff9eda2d000 	C:\WINDOWS\System32\KERNEL32.DLL
0x00007ff9eb400000 - 0x00007ff9eb6f6000 	C:\WINDOWS\System32\KERNELBASE.dll
0x00007ff9eb180000 - 0x00007ff9eb280000 	C:\WINDOWS\System32\ucrtbase.dll
0x00007ff9dca50000 - 0x00007ff9dca6b000 	C:\Program Files\Java\jdk-20\bin\VCRUNTIME140.dll
0x00007ff9dc8e0000 - 0x00007ff9dc8f9000 	C:\Program Files\Java\jdk-20\bin\jli.dll
0x00007ff9ed570000 - 0x00007ff9ed61e000 	C:\WINDOWS\System32\ADVAPI32.dll
0x00007ff9ecd10000 - 0x00007ff9ecdae000 	C:\WINDOWS\System32\msvcrt.dll
0x00007ff9ed790000 - 0x00007ff9ed82c000 	C:\WINDOWS\System32\sechost.dll
0x00007ff9ebf40000 - 0x00007ff9ec066000 	C:\WINDOWS\System32\RPCRT4.dll
0x00007ff9ec140000 - 0x00007ff9ec2de000 	C:\WINDOWS\System32\USER32.dll
0x00007ff9eb150000 - 0x00007ff9eb172000 	C:\WINDOWS\System32\win32u.dll
0x00007ff9ec5a0000 - 0x00007ff9ec5cc000 	C:\WINDOWS\System32\GDI32.dll
0x00007ff9eb850000 - 0x00007ff9eb96a000 	C:\WINDOWS\System32\gdi32full.dll
0x00007ff9eb7b0000 - 0x00007ff9eb84d000 	C:\WINDOWS\System32\msvcp_win.dll
0x00007ff9dabc0000 - 0x00007ff9dae5a000 	C:\WINDOWS\WinSxS\amd64_microsoft.windows.common-controls_6595b64144ccf1df_6.0.19041.1110_none_60b5254171f9507e\COMCTL32.dll
0x00007ff9db740000 - 0x00007ff9db74a000 	C:\WINDOWS\SYSTEM32\VERSION.dll
0x00007ff9ec390000 - 0x00007ff9ec3c0000 	C:\WINDOWS\System32\IMM32.DLL
0x00007ff9e6790000 - 0x00007ff9e679c000 	C:\Program Files\Java\jdk-20\bin\vcruntime140_1.dll
0x00007ff9cd7c0000 - 0x00007ff9cd84e000 	C:\Program Files\Java\jdk-20\bin\msvcp140.dll
0x00007ff98dc00000 - 0x00007ff98e898000 	C:\Program Files\Java\jdk-20\bin\server\jvm.dll
0x00007ff9cead0000 - 0x00007ff9cead9000 	C:\WINDOWS\SYSTEM32\WSOCK32.dll
0x00007ff9ecdb0000 - 0x00007ff9ece1b000 	C:\WINDOWS\System32\WS2_32.dll
0x00007ff9daac0000 - 0x00007ff9daae7000 	C:\WINDOWS\SYSTEM32\WINMM.dll
0x00007ff9e9970000 - 0x00007ff9e9982000 	C:\WINDOWS\SYSTEM32\kernel.appcore.dll
0x00007ff9e2da0000 - 0x00007ff9e2daa000 	C:\Program Files\Java\jdk-20\bin\jimage.dll
0x00007ff9e8ec0000 - 0x00007ff9e90a4000 	C:\WINDOWS\SYSTEM32\DBGHELP.DLL
0x00007ff9d6970000 - 0x00007ff9d69a4000 	C:\WINDOWS\SYSTEM32\dbgcore.DLL
0x00007ff9eb340000 - 0x00007ff9eb3c2000 	C:\WINDOWS\System32\bcryptPrimitives.dll
0x00007ff9dc940000 - 0x00007ff9dc966000 	C:\Program Files\Java\jdk-20\bin\java.dll

dbghelp: loaded successfully - version: 4.0.5 - missing functions: none
symbol engine: initialized successfully - sym options: 0x614 - pdb path: .;C:\Program Files\Java\jdk-20\bin;C:\WINDOWS\SYSTEM32;C:\WINDOWS\WinSxS\amd64_microsoft.windows.common-controls_6595b64144ccf1df_6.0.19041.1110_none_60b5254171f9507e;C:\Program Files\Java\jdk-20\bin\server

VM Arguments:
jvm_args: -Dfile.encoding=UTF-8 --module-path=D:\netBeans\Electricity Billing System\build\classes 
java_command: electricity.billing.system.CalculateBill
java_class_path (initial): C:\Users\VIKUL DHIMAN\Downloads\mysql-connector-java-8.0.28.jar;D:\netBeans\Electricity Billing System\build\classes
Launcher Type: SUN_STANDARD

[Global flags]
     intx CICompilerCount                          = 3                                         {product} {ergonomic}
     uint ConcGCThreads                            = 1                                         {product} {ergonomic}
     uint G1ConcRefinementThreads                  = 4                                         {product} {ergonomic}
   size_t G1HeapRegionSize                         = 1048576                                   {product} {ergonomic}
    uintx GCDrainStackTargetSize                   = 64                                        {product} {ergonomic}
   size_t InitialHeapSize                          = 130023424                                 {product} {ergonomic}
   size_t MarkStackSize                            = 4194304                                   {product} {ergonomic}
   size_t MaxHeapSize                              = 2071986176                                {product} {ergonomic}
   size_t MinHeapDeltaBytes                        = 1048576                                   {product} {ergonomic}
   size_t MinHeapSize                              = 8388608                                   {product} {ergonomic}
    uintx NonNMethodCodeHeapSize                   = 5832780                                {pd product} {ergonomic}
    uintx NonProfiledCodeHeapSize                  = 122912730                              {pd product} {ergonomic}
    uintx ProfiledCodeHeapSize                     = 122912730                              {pd product} {ergonomic}
    uintx ReservedCodeCacheSize                    = 251658240                              {pd product} {ergonomic}
     bool SegmentedCodeCache                       = true                                      {product} {ergonomic}
   size_t SoftMaxHeapSize                          = 2071986176                             {manageable} {ergonomic}
     bool UseCompressedClassPointers               = true                           {product lp64_product} {ergonomic}
     bool UseCompressedOops                        = true                           {product lp64_product} {ergonomic}
     bool UseG1GC                                  = true                                      {product} {ergonomic}
     bool UseLargePagesIndividualAllocation        = false                                  {pd product} {ergonomic}

Logging:
Log output configuration:
 #0: stdout all=warning uptime,level,tags foldmultilines=false
 #1: stderr all=off uptime,level,tags foldmultilines=false

Environment Variables:
PATH=C:\Program Files\Common Files\Oracle\Java\javapath;C:\WINDOWS\system32;C:\WINDOWS;C:\WINDOWS\System32\Wbem;C:\WINDOWS\System32\WindowsPowerShell\v1.0\;C:\WINDOWS\System32\OpenSSH\;C:\MinGW\bin;C:\Program Files\Git\cmd;C:\Program Files\dotnet\;C:\Program Files\MySQL\MySQL Shell 8.0\bin\;C:\Users\VIKUL DHIMAN\AppData\Local\Programs\Microsoft VS Code\bin;C:\Program Files\Java\jdk-20\bin;
USERNAME=VIKUL DHIMAN
OS=Windows_NT
PROCESSOR_IDENTIFIER=Intel64 Family 6 Model 78 Stepping 3, GenuineIntel
TMP=C:\Users\VIKULD~1\AppData\Local\Temp
TEMP=C:\Users\VIKULD~1\AppData\Local\Temp




---------------  S Y S T E M  ---------------

OS:
 Windows 10 , 64 bit Build 19041 (10.0.19041.3393)
OS uptime: 13 days 19:21 hours

CPU: total 4 (initial active 4) (2 cores per cpu, 2 threads per core) family 6 model 78 stepping 3 microcode 0xea, cx8, cmov, fxsr, ht, mmx, 3dnowpref, sse, sse2, sse3, ssse3, sse4.1, sse4.2, popcnt, lzcnt, tsc, tscinvbit, avx, avx2, aes, erms, clmul, bmi1, bmi2, adx, fma, vzeroupper, clflush, clflushopt, rdtscp, f16c

Memory: 4k page, system-wide physical 7898M (1188M free)
TotalPageFile size 23379M (AvailPageFile size 10M)
current process WorkingSet (physical memory assigned to process): 10M, peak: 10M
current process commit charge ("private bytes"): 51M, peak: 175M

vm_info: Java HotSpot(TM) 64-Bit Server VM (20.0.2+9-78) for windows-amd64 JRE (20.0.2+9-78), built on 2023-06-14T10:08:48Z by "mach5one" with MS VC++ 17.1 (VS2022)

END.
