#
# There is insufficient memory for the Java Runtime Environment to continue.
# Native memory allocation (mmap) failed to map 130023424 bytes for G1 virtual space
# Possible reasons:
#   The system is out of physical RAM or swap space
#   The process is running with CompressedOops enabled, and the Java Heap may be blocking the growth of the native heap
# Possible solutions:
#   Reduce memory load on the system
#   Increase physical memory or swap space
#   Check if swap backing store is full
#   Decrease Java heap size (-Xmx/-Xms)
#   Decrease number of Java threads
#   Decrease Java thread stack sizes (-Xss)
#   Set larger code cache with -XX:ReservedCodeCacheSize=
#   JVM is running with Unscaled Compressed Oops mode in which the Java heap is
#     placed in the first 4GB address space. The Java Heap base address is the
#     maximum limit for the native heap growth. Please use -XX:HeapBaseMinAddress
#     to set the Java Heap base and to place the Java Heap above 4GB virtual address.
# This output file may be truncated or incomplete.
#
#  Out of Memory Error (os_windows.cpp:3528), pid=23516, tid=22992
#
# JRE version:  (20.0.2+9) (build )
# Java VM: Java HotSpot(TM) 64-Bit Server VM (20.0.2+9-78, mixed mode, sharing, tiered, compressed oops, compressed class ptrs, g1 gc, windows-amd64)
# No core dump will be written. Minidumps are not enabled by default on client versions of Windows
#

---------------  S U M M A R Y ------------

Command Line: -Dfile.encoding=UTF-8 --module-path=D:\netBeans\Electricity Billing System\build\classes electricity.billing.system.Splash

Host: Intel(R) Core(TM) i3-6006U CPU @ 2.00GHz, 4 cores, 7G,  Windows 10 , 64 bit Build 19041 (10.0.19041.3393)
Time: Thu Sep  7 18:47:17 2023 India Standard Time elapsed time: 0.029528 seconds (0d 0h 0m 0s)

---------------  T H R E A D  ---------------

Current thread (0x000001620f5172c0):  JavaThread "Unknown thread" [_thread_in_vm, id=22992, stack(0x0000005b2e800000,0x0000005b2e900000)]

Stack: [0x0000005b2e800000,0x0000005b2e900000]
Native frames: (J=compiled Java code, j=interpreted, Vv=VM code, C=native code)
V  [jvm.dll+0x6bc25a]
V  [jvm.dll+0x84971a]
V  [jvm.dll+0x84b315]
V  [jvm.dll+0x84ba13]
V  [jvm.dll+0x280e4f]
V  [jvm.dll+0x6b8fe9]
V  [jvm.dll+0x6adbca]
V  [jvm.dll+0x35b165]
V  [jvm.dll+0x363386]
V  [jvm.dll+0x3b400e]
V  [jvm.dll+0x3b4295]
V  [jvm.dll+0x32b86a]
V  [jvm.dll+0x32c68b]
V  [jvm.dll+0x8123df]
V  [jvm.dll+0x3c1261]
V  [jvm.dll+0x7fe103]
V  [jvm.dll+0x44ccaf]
V  [jvm.dll+0x44e621]
C  [jli.dll+0x5287]
C  [ucrtbase.dll+0x21bb2]
C  [KERNEL32.DLL+0x17344]
C  [ntdll.dll+0x526b1]


---------------  P R O C E S S  ---------------

Threads class SMR info:
_java_thread_list=0x00007ff95b37b118, length=0, elements={
}

Java Threads: ( => current thread )

Other Threads:
  0x000001620f577700 WorkerThread "GC Thread#0" [stack: 0x0000005b2e900000,0x0000005b2ea00000] [id=22988]
  0x000001620f588ec0 ConcurrentGCThread "G1 Main Marker" [stack: 0x0000005b2ea00000,0x0000005b2eb00000] [id=23048]
  0x000001620f58a900 WorkerThread "G1 Conc#0" [stack: 0x0000005b2eb00000,0x0000005b2ec00000] [id=22960]

[error occurred during error reporting (printing all threads), id 0xc0000005, EXCEPTION_ACCESS_VIOLATION (0xc0000005) at pc=0x00007ff95ab5eea7]
VM state: not at safepoint (not fully initialized)

VM Mutex/Monitor currently owned by a thread:  ([mutex/lock_event])
[0x000001620f5133e0] Heap_lock - owner thread: 0x000001620f5172c0

Heap address: 0x0000000084800000, size: 1976 MB, Compressed Oops mode: 32-bit

CDS archive(s) mapped at: [0x0000000000000000-0x0000000000000000-0x0000000000000000), size 0, SharedBaseAddress: 0x0000000800000000, ArchiveRelocationMode: 1.
Narrow klass base: 0x0000000000000000, Narrow klass shift: 0, Narrow klass range: 0x0

GC Precious Log:
 CardTable entry size: 512
 Card Set container configuration: InlinePtr #cards 5 size 8 Array Of Cards #cards 12 size 40 Howl #buckets 4 coarsen threshold 1843 Howl Bitmap #cards 512 size 80 coarsen threshold 460 Card regions per heap region 1 cards per card region 2048

Heap:
 garbage-first heap   total 0K, used 0K [0x0000000084800000, 0x0000000100000000)
  region size 1024K, 0 young (0K), 0 survivors (0K)

[error occurred during error reporting (printing heap information), id 0xc0000005, EXCEPTION_ACCESS_VIOLATION (0xc0000005) at pc=0x00007ff95af347b9]
GC Heap History (0 events):
No events

Dll operation events (1 events):
Event: 0.018 Loaded shared library C:\Program Files\Java\jdk-20\bin\java.dll

Deoptimization events (0 events):
No events

Classes loaded (0 events):
No events

Classes unloaded (0 events):
No events

Classes redefined (0 events):
No events

Internal exceptions (0 events):
No events

VM Operations (0 events):
No events

Events (0 events):
No events


Dynamic libraries:
0x00007ff7efaf0000 - 0x00007ff7efb00000 	C:\Program Files\Java\jdk-20\bin\java.exe
0x00007ff9d7bd0000 - 0x00007ff9d7dc8000 	C:\WINDOWS\SYSTEM32\ntdll.dll
0x00007ff9d7160000 - 0x00007ff9d721d000 	C:\WINDOWS\System32\KERNEL32.DLL
0x00007ff9d5400000 - 0x00007ff9d56f6000 	C:\WINDOWS\System32\KERNELBASE.dll
0x00007ff9d5890000 - 0x00007ff9d5990000 	C:\WINDOWS\System32\ucrtbase.dll
0x00007ff9cede0000 - 0x00007ff9cedfb000 	C:\Program Files\Java\jdk-20\bin\VCRUNTIME140.dll
0x00007ff9be6f0000 - 0x00007ff9be709000 	C:\Program Files\Java\jdk-20\bin\jli.dll
0x00007ff9d7050000 - 0x00007ff9d70fe000 	C:\WINDOWS\System32\ADVAPI32.dll
0x00007ff9d6e00000 - 0x00007ff9d6e9e000 	C:\WINDOWS\System32\msvcrt.dll
0x00007ff9d6210000 - 0x00007ff9d62ac000 	C:\WINDOWS\System32\sechost.dll
0x00007ff9d60e0000 - 0x00007ff9d6206000 	C:\WINDOWS\System32\RPCRT4.dll
0x00007ff9d6620000 - 0x00007ff9d67be000 	C:\WINDOWS\System32\USER32.dll
0x00007ff9d5860000 - 0x00007ff9d5882000 	C:\WINDOWS\System32\win32u.dll
0x00007ff9d72d0000 - 0x00007ff9d72fc000 	C:\WINDOWS\System32\GDI32.dll
0x00007ff9d5b10000 - 0x00007ff9d5c2a000 	C:\WINDOWS\System32\gdi32full.dll
0x00007ff9d59e0000 - 0x00007ff9d5a7d000 	C:\WINDOWS\System32\msvcp_win.dll
0x00007ff9c2740000 - 0x00007ff9c29da000 	C:\WINDOWS\WinSxS\amd64_microsoft.windows.common-controls_6595b64144ccf1df_6.0.19041.1110_none_60b5254171f9507e\COMCTL32.dll
0x00007ff9cb540000 - 0x00007ff9cb54a000 	C:\WINDOWS\SYSTEM32\VERSION.dll
0x00007ff9d7020000 - 0x00007ff9d7050000 	C:\WINDOWS\System32\IMM32.DLL
0x00007ff9cee10000 - 0x00007ff9cee1c000 	C:\Program Files\Java\jdk-20\bin\vcruntime140_1.dll
0x00007ff9b20a0000 - 0x00007ff9b212e000 	C:\Program Files\Java\jdk-20\bin\msvcp140.dll
0x00007ff95a820000 - 0x00007ff95b4b8000 	C:\Program Files\Java\jdk-20\bin\server\jvm.dll
0x00007ff9c1ad0000 - 0x00007ff9c1af7000 	C:\WINDOWS\SYSTEM32\WINMM.dll
0x00007ff9bf020000 - 0x00007ff9bf029000 	C:\WINDOWS\SYSTEM32\WSOCK32.dll
0x00007ff9d6ce0000 - 0x00007ff9d6d4b000 	C:\WINDOWS\System32\WS2_32.dll
0x00007ff9d3ad0000 - 0x00007ff9d3ae2000 	C:\WINDOWS\SYSTEM32\kernel.appcore.dll
0x00007ff9ce320000 - 0x00007ff9ce32a000 	C:\Program Files\Java\jdk-20\bin\jimage.dll
0x00007ff9d2950000 - 0x00007ff9d2b34000 	C:\WINDOWS\SYSTEM32\DBGHELP.DLL
0x00007ff9cc040000 - 0x00007ff9cc074000 	C:\WINDOWS\SYSTEM32\dbgcore.DLL
0x00007ff9d5a80000 - 0x00007ff9d5b02000 	C:\WINDOWS\System32\bcryptPrimitives.dll
0x00007ff9ccae0000 - 0x00007ff9ccb06000 	C:\Program Files\Java\jdk-20\bin\java.dll

dbghelp: loaded successfully - version: 4.0.5 - missing functions: none
symbol engine: initialized successfully - sym options: 0x614 - pdb path: .;C:\Program Files\Java\jdk-20\bin;C:\WINDOWS\SYSTEM32;C:\WINDOWS\WinSxS\amd64_microsoft.windows.common-controls_6595b64144ccf1df_6.0.19041.1110_none_60b5254171f9507e;C:\Program Files\Java\jdk-20\bin\server

VM Arguments:
jvm_args: -Dfile.encoding=UTF-8 --module-path=D:\netBeans\Electricity Billing System\build\classes 
java_command: electricity.billing.system.Splash
java_class_path (initial): C:\Users\VIKUL DHIMAN\Downloads\mysql-connector-java-8.0.28.jar;C:\Users\VIKUL DHIMAN\Downloads\rs2xml.jar;D:\netBeans\Electricity Billing System\build\classes
Launcher Type: SUN_STANDARD

[Global flags]
     intx CICompilerCount                          = 3                                         {product} {ergonomic}
     uint ConcGCThreads                            = 1                                         {product} {ergonomic}
     uint G1ConcRefinementThreads                  = 4                                         {product} {ergonomic}
   size_t G1HeapRegionSize                         = 1048576                                   {product} {ergonomic}
    uintx GCDrainStackTargetSize                   = 64                                        {product} {ergonomic}
   size_t InitialHeapSize                          = 130023424                                 {product} {ergonomic}
   size_t MarkStackSize                            = 4194304                                   {product} {ergonomic}
   size_t MaxHeapSize                              = 2071986176                                {product} {ergonomic}
   size_t MinHeapDeltaBytes                        = 1048576                                   {product} {ergonomic}
   size_t MinHeapSize                              = 8388608                                   {product} {ergonomic}
    uintx NonNMethodCodeHeapSize                   = 5832780                                {pd product} {ergonomic}
    uintx NonProfiledCodeHeapSize                  = 122912730                              {pd product} {ergonomic}
    uintx ProfiledCodeHeapSize                     = 122912730                              {pd product} {ergonomic}
    uintx ReservedCodeCacheSize                    = 251658240                              {pd product} {ergonomic}
     bool SegmentedCodeCache                       = true                                      {product} {ergonomic}
   size_t SoftMaxHeapSize                          = 2071986176                             {manageable} {ergonomic}
     bool UseCompressedClassPointers               = true                           {product lp64_product} {ergonomic}
     bool UseCompressedOops                        = true                           {product lp64_product} {ergonomic}
     bool UseG1GC                                  = true                                      {product} {ergonomic}
     bool UseLargePagesIndividualAllocation        = false                                  {pd product} {ergonomic}

Logging:
Log output configuration:
 #0: stdout all=warning uptime,level,tags foldmultilines=false
 #1: stderr all=off uptime,level,tags foldmultilines=false

Environment Variables:
PATH=C:\Program Files\Common Files\Oracle\Java\javapath;C:\WINDOWS\system32;C:\WINDOWS;C:\WINDOWS\System32\Wbem;C:\WINDOWS\System32\WindowsPowerShell\v1.0\;C:\WINDOWS\System32\OpenSSH\;C:\MinGW\bin;C:\Program Files\Git\cmd;C:\Program Files\dotnet\;C:\Program Files\MySQL\MySQL Shell 8.0\bin\;C:\Users\VIKUL DHIMAN\AppData\Local\Programs\Microsoft VS Code\bin;C:\Program Files\Java\jdk-20\bin;
USERNAME=VIKUL DHIMAN
OS=Windows_NT
PROCESSOR_IDENTIFIER=Intel64 Family 6 Model 78 Stepping 3, GenuineIntel
TMP=C:\Users\VIKULD~1\AppData\Local\Temp
TEMP=C:\Users\VIKULD~1\AppData\Local\Temp




---------------  S Y S T E M  ---------------

OS:
 Windows 10 , 64 bit Build 19041 (10.0.19041.3393)
OS uptime: 1 days 1:21 hours

CPU: total 4 (initial active 4) (2 cores per cpu, 2 threads per core) family 6 model 78 stepping 3 microcode 0xea, cx8, cmov, fxsr, ht, mmx, 3dnowpref, sse, sse2, sse3, ssse3, sse4.1, sse4.2, popcnt, lzcnt, tsc, tscinvbit, avx, avx2, aes, erms, clmul, bmi1, bmi2, adx, fma, vzeroupper, clflush, clflushopt, rdtscp, f16c

Memory: 4k page, system-wide physical 7898M (369M free)
TotalPageFile size 23379M (AvailPageFile size 97M)
current process WorkingSet (physical memory assigned to process): 10M, peak: 10M
current process commit charge ("private bytes"): 51M, peak: 175M

vm_info: Java HotSpot(TM) 64-Bit Server VM (20.0.2+9-78) for windows-amd64 JRE (20.0.2+9-78), built on 2023-06-14T10:08:48Z by "mach5one" with MS VC++ 17.1 (VS2022)

END.
