#
# There is insufficient memory for the Java Runtime Environment to continue.
# Native memory allocation (mmap) failed to map 65536 bytes for Failed to commit metaspace.
# Possible reasons:
#   The system is out of physical RAM or swap space
#   The process is running with CompressedOops enabled, and the Java Heap may be blocking the growth of the native heap
# Possible solutions:
#   Reduce memory load on the system
#   Increase physical memory or swap space
#   Check if swap backing store is full
#   Decrease Java heap size (-Xmx/-Xms)
#   Decrease number of Java threads
#   Decrease Java thread stack sizes (-Xss)
#   Set larger code cache with -XX:ReservedCodeCacheSize=
#   JVM is running with Unscaled Compressed Oops mode in which the Java heap is
#     placed in the first 4GB address space. The Java Heap base address is the
#     maximum limit for the native heap growth. Please use -XX:HeapBaseMinAddress
#     to set the Java Heap base and to place the Java Heap above 4GB virtual address.
# This output file may be truncated or incomplete.
#
#  Out of Memory Error (virtualSpaceNode.cpp:110), pid=24016, tid=2672
#
# JRE version: Java(TM) SE Runtime Environment (20.0.2+9) (build 20.0.2+9-78)
# Java VM: Java HotSpot(TM) 64-Bit Server VM (20.0.2+9-78, mixed mode, sharing, tiered, compressed oops, compressed class ptrs, g1 gc, windows-amd64)
# No core dump will be written. Minidumps are not enabled by default on client versions of Windows
#

---------------  S U M M A R Y ------------

Command Line: -Dfile.encoding=UTF-8 --module-path=D:\netBeans\Electricity Billing System\build\classes electricity.billing.system.CalculateBill

Host: Intel(R) Core(TM) i3-6006U CPU @ 2.00GHz, 4 cores, 7G,  Windows 10 , 64 bit Build 19041 (10.0.19041.3393)
Time: Wed Sep  6 16:48:27 2023 India Standard Time elapsed time: 0.451482 seconds (0d 0h 0m 0s)

---------------  T H R E A D  ---------------

Current thread (0x00000296ec3f7440):  JavaThread "main" [_thread_in_vm, id=2672, stack(0x000000b912600000,0x000000b912700000)]

Stack: [0x000000b912600000,0x000000b912700000]
Native frames: (J=compiled Java code, j=interpreted, Vv=VM code, C=native code)
V  [jvm.dll+0x6bc25a]
V  [jvm.dll+0x84971a]
V  [jvm.dll+0x84b315]
V  [jvm.dll+0x84ba13]
V  [jvm.dll+0x280e4f]
V  [jvm.dll+0x84565b]
V  [jvm.dll+0x660616]
V  [jvm.dll+0x66067a]
V  [jvm.dll+0x662f53]
V  [jvm.dll+0x662e1e]
V  [jvm.dll+0x66102e]
V  [jvm.dll+0x66b6a7]
V  [jvm.dll+0x21b712]
V  [jvm.dll+0x21bc45]
V  [jvm.dll+0x21c631]
V  [jvm.dll+0x211a50]
V  [jvm.dll+0x59c7cc]
V  [jvm.dll+0x22303a]
V  [jvm.dll+0x7c38c4]
V  [jvm.dll+0x7c4a0f]
V  [jvm.dll+0x7c4fbf]
V  [jvm.dll+0x7c4c68]
V  [jvm.dll+0x2705bb]
V  [jvm.dll+0x3d89fe]
C  0x000002968755f8df

Java frames: (J=compiled Java code, j=interpreted, Vv=VM code)
j  sun.awt.windows.WDesktopProperties.setColorProperty(Ljava/lang/String;III)V+40 java.desktop@20.0.2
v  ~StubRoutines::call_stub 0x000002968753100d
j  sun.awt.windows.WDesktopProperties.getWindowsParameters()V+0 java.desktop@20.0.2
j  sun.awt.windows.WDesktopProperties.getProperties()Ljava/util/Map;+15 java.desktop@20.0.2
j  sun.awt.windows.WToolkit.lazilyInitWProps()V+24 java.desktop@20.0.2
j  sun.awt.windows.WToolkit.lazilyLoadDesktopProperty(Ljava/lang/String;)Ljava/lang/Object;+97 java.desktop@20.0.2
j  java.awt.Toolkit.getDesktopProperty(Ljava/lang/String;)Ljava/lang/Object;+70 java.desktop@20.0.2
j  javax.swing.UIManager.<clinit>()V+112 java.desktop@20.0.2
v  ~StubRoutines::call_stub 0x000002968753100d
j  javax.swing.JPanel.updateUI()V+2 java.desktop@20.0.2
j  javax.swing.JPanel.<init>(Ljava/awt/LayoutManager;Z)V+24 java.desktop@20.0.2
j  javax.swing.JPanel.<init>(Z)V+9 java.desktop@20.0.2
j  javax.swing.JPanel.<init>()V+2 java.desktop@20.0.2
j  javax.swing.JRootPane.createGlassPane()Ljava/awt/Component;+4 java.desktop@20.0.2
j  javax.swing.JRootPane.<init>()V+11 java.desktop@20.0.2
j  javax.swing.JFrame.createRootPane()Ljavax/swing/JRootPane;+4 java.desktop@20.0.2
j  javax.swing.JFrame.frameInit()V+16 java.desktop@20.0.2
j  javax.swing.JFrame.<init>()V+20 java.desktop@20.0.2
j  electricity.billing.system.CalculateBill.<init>()V+1
j  electricity.billing.system.CalculateBill.main([Ljava/lang/String;)V+4
v  ~StubRoutines::call_stub 0x000002968753100d

---------------  P R O C E S S  ---------------

Threads class SMR info:
_java_thread_list=0x00000296ff724160, length=14, elements={
0x00000296ec3f7440, 0x00000296fb36b7d0, 0x00000296fb36c570, 0x00000296fb36e250,
0x00000296fb36ff00, 0x00000296fb3727a0, 0x00000296fb374290, 0x00000296fb39d260,
0x00000296fb39df40, 0x00000296ff5c04a0, 0x00000296ff6cf460, 0x00000296ff83af00,
0x00000296ff83ff20, 0x00000296ff84c170
}

Java Threads: ( => current thread )
=>0x00000296ec3f7440 JavaThread "main" [_thread_in_vm, id=2672, stack(0x000000b912600000,0x000000b912700000)]
  0x00000296fb36b7d0 JavaThread "Reference Handler" daemon [_thread_blocked, id=18192, stack(0x000000b912d00000,0x000000b912e00000)]
  0x00000296fb36c570 JavaThread "Finalizer" daemon [_thread_blocked, id=23592, stack(0x000000b912e00000,0x000000b912f00000)]
  0x00000296fb36e250 JavaThread "Signal Dispatcher" daemon [_thread_blocked, id=10776, stack(0x000000b912f00000,0x000000b913000000)]
  0x00000296fb36ff00 JavaThread "Attach Listener" daemon [_thread_blocked, id=4048, stack(0x000000b913000000,0x000000b913100000)]
  0x00000296fb3727a0 JavaThread "Service Thread" daemon [_thread_blocked, id=2732, stack(0x000000b913100000,0x000000b913200000)]
  0x00000296fb374290 JavaThread "Monitor Deflation Thread" daemon [_thread_blocked, id=22840, stack(0x000000b913200000,0x000000b913300000)]
  0x00000296fb39d260 JavaThread "C2 CompilerThread0" daemon [_thread_blocked, id=23168, stack(0x000000b913300000,0x000000b913400000)]
  0x00000296fb39df40 JavaThread "C1 CompilerThread0" daemon [_thread_in_vm, id=6188, stack(0x000000b913400000,0x000000b913500000)]
  0x00000296ff5c04a0 JavaThread "Common-Cleaner" daemon [_thread_blocked, id=1644, stack(0x000000b913500000,0x000000b913600000)]
  0x00000296ff6cf460 JavaThread "Notification Thread" daemon [_thread_blocked, id=21352, stack(0x000000b913600000,0x000000b913700000)]
  0x00000296ff83af00 JavaThread "Java2D Disposer" daemon [_thread_blocked, id=9604, stack(0x000000b913800000,0x000000b913900000)]
  0x00000296ff83ff20 JavaThread "AWT-Shutdown" [_thread_blocked, id=18940, stack(0x000000b913900000,0x000000b913a00000)]
  0x00000296ff84c170 JavaThread "AWT-Windows" daemon [_thread_in_native, id=25100, stack(0x000000b913a00000,0x000000b913b00000)]

Other Threads:
  0x00000296fb34ba60 VMThread "VM Thread" [stack: 0x000000b912c00000,0x000000b912d00000] [id=9848]
  0x00000296ff6d4a30 WatcherThread "VM Periodic Task Thread" [stack: 0x000000b913700000,0x000000b913800000] [id=12756]
  0x00000296ec457940 WorkerThread "GC Thread#0" [stack: 0x000000b912700000,0x000000b912800000] [id=23508]
  0x00000296ec467f50 ConcurrentGCThread "G1 Main Marker" [stack: 0x000000b912800000,0x000000b912900000] [id=23032]
  0x00000296ec469990 WorkerThread "G1 Conc#0" [stack: 0x000000b912900000,0x000000b912a00000] [id=2300]
  0x00000296fb2124b0 ConcurrentGCThread "G1 Refine#0" [stack: 0x000000b912a00000,0x000000b912b00000] [id=4632]
  0x00000296ec4c6200 ConcurrentGCThread "G1 Service" [stack: 0x000000b912b00000,0x000000b912c00000] [id=21264]

Threads with active compile tasks:
C1 CompilerThread0      531  411       3       java.lang.invoke.MemberName::checkForTypeAlias (172 bytes)

VM state: not at safepoint (normal execution)

VM Mutex/Monitor currently owned by a thread:  ([mutex/lock_event])
[0x00000296ec3f10d0] Metaspace_lock - owner thread: 0x00000296ec3f7440

Heap address: 0x0000000084800000, size: 1976 MB, Compressed Oops mode: 32-bit

CDS archive(s) mapped at: [0x000002968f000000-0x000002968fc60000-0x000002968fc60000), size 12976128, SharedBaseAddress: 0x000002968f000000, ArchiveRelocationMode: 1.
Compressed class space mapped at: 0x0000029690000000-0x00000296d0000000, reserved size: 1073741824
Narrow klass base: 0x000002968f000000, Narrow klass shift: 0, Narrow klass range: 0x100000000

GC Precious Log:
 CardTable entry size: 512
 Card Set container configuration: InlinePtr #cards 5 size 8 Array Of Cards #cards 12 size 40 Howl #buckets 4 coarsen threshold 1843 Howl Bitmap #cards 512 size 80 coarsen threshold 460 Card regions per heap region 1 cards per card region 2048
 CPUs: 4 total, 4 available
 Memory: 7898M
 Large Page Support: Disabled
 NUMA Support: Disabled
 Compressed Oops: Enabled (32-bit)
 Heap Region Size: 1M
 Heap Min Capacity: 8M
 Heap Initial Capacity: 124M
 Heap Max Capacity: 1976M
 Pre-touch: Disabled
 Parallel Workers: 4
 Concurrent Workers: 1
 Concurrent Refinement Workers: 4
 Periodic GC: Disabled

Heap:
 garbage-first heap   total 126976K, used 4096K [0x0000000084800000, 0x0000000100000000)
  region size 1024K, 5 young (5120K), 0 survivors (0K)
 Metaspace       used 3265K, committed 3392K, reserved 1114112K
  class space    used 321K, committed 384K, reserved 1048576K

Heap Regions: E=young(eden), S=young(survivor), O=old, HS=humongous(starts), HC=humongous(continues), CS=collection set, F=free, OA=open archive, CA=closed archive, TAMS=top-at-mark-start, PB=parsable bottom
|   0|0x0000000084800000, 0x0000000084800000, 0x0000000084900000|  0%| F|  |TAMS 0x0000000084800000| PB 0x0000000084800000| Untracked 
|   1|0x0000000084900000, 0x0000000084900000, 0x0000000084a00000|  0%| F|  |TAMS 0x0000000084900000| PB 0x0000000084900000| Untracked 
|   2|0x0000000084a00000, 0x0000000084a00000, 0x0000000084b00000|  0%| F|  |TAMS 0x0000000084a00000| PB 0x0000000084a00000| Untracked 
|   3|0x0000000084b00000, 0x0000000084b00000, 0x0000000084c00000|  0%| F|  |TAMS 0x0000000084b00000| PB 0x0000000084b00000| Untracked 
|   4|0x0000000084c00000, 0x0000000084c00000, 0x0000000084d00000|  0%| F|  |TAMS 0x0000000084c00000| PB 0x0000000084c00000| Untracked 
|   5|0x0000000084d00000, 0x0000000084d00000, 0x0000000084e00000|  0%| F|  |TAMS 0x0000000084d00000| PB 0x0000000084d00000| Untracked 
|   6|0x0000000084e00000, 0x0000000084e00000, 0x0000000084f00000|  0%| F|  |TAMS 0x0000000084e00000| PB 0x0000000084e00000| Untracked 
|   7|0x0000000084f00000, 0x0000000084f00000, 0x0000000085000000|  0%| F|  |TAMS 0x0000000084f00000| PB 0x0000000084f00000| Untracked 
|   8|0x0000000085000000, 0x0000000085000000, 0x0000000085100000|  0%| F|  |TAMS 0x0000000085000000| PB 0x0000000085000000| Untracked 
|   9|0x0000000085100000, 0x0000000085100000, 0x0000000085200000|  0%| F|  |TAMS 0x0000000085100000| PB 0x0000000085100000| Untracked 
|  10|0x0000000085200000, 0x0000000085200000, 0x0000000085300000|  0%| F|  |TAMS 0x0000000085200000| PB 0x0000000085200000| Untracked 
|  11|0x0000000085300000, 0x0000000085300000, 0x0000000085400000|  0%| F|  |TAMS 0x0000000085300000| PB 0x0000000085300000| Untracked 
|  12|0x0000000085400000, 0x0000000085400000, 0x0000000085500000|  0%| F|  |TAMS 0x0000000085400000| PB 0x0000000085400000| Untracked 
|  13|0x0000000085500000, 0x0000000085500000, 0x0000000085600000|  0%| F|  |TAMS 0x0000000085500000| PB 0x0000000085500000| Untracked 
|  14|0x0000000085600000, 0x0000000085600000, 0x0000000085700000|  0%| F|  |TAMS 0x0000000085600000| PB 0x0000000085600000| Untracked 
|  15|0x0000000085700000, 0x0000000085700000, 0x0000000085800000|  0%| F|  |TAMS 0x0000000085700000| PB 0x0000000085700000| Untracked 
|  16|0x0000000085800000, 0x0000000085800000, 0x0000000085900000|  0%| F|  |TAMS 0x0000000085800000| PB 0x0000000085800000| Untracked 
|  17|0x0000000085900000, 0x0000000085900000, 0x0000000085a00000|  0%| F|  |TAMS 0x0000000085900000| PB 0x0000000085900000| Untracked 
|  18|0x0000000085a00000, 0x0000000085a00000, 0x0000000085b00000|  0%| F|  |TAMS 0x0000000085a00000| PB 0x0000000085a00000| Untracked 
|  19|0x0000000085b00000, 0x0000000085b00000, 0x0000000085c00000|  0%| F|  |TAMS 0x0000000085b00000| PB 0x0000000085b00000| Untracked 
|  20|0x0000000085c00000, 0x0000000085c00000, 0x0000000085d00000|  0%| F|  |TAMS 0x0000000085c00000| PB 0x0000000085c00000| Untracked 
|  21|0x0000000085d00000, 0x0000000085d00000, 0x0000000085e00000|  0%| F|  |TAMS 0x0000000085d00000| PB 0x0000000085d00000| Untracked 
|  22|0x0000000085e00000, 0x0000000085e00000, 0x0000000085f00000|  0%| F|  |TAMS 0x0000000085e00000| PB 0x0000000085e00000| Untracked 
|  23|0x0000000085f00000, 0x0000000085f00000, 0x0000000086000000|  0%| F|  |TAMS 0x0000000085f00000| PB 0x0000000085f00000| Untracked 
|  24|0x0000000086000000, 0x0000000086000000, 0x0000000086100000|  0%| F|  |TAMS 0x0000000086000000| PB 0x0000000086000000| Untracked 
|  25|0x0000000086100000, 0x0000000086100000, 0x0000000086200000|  0%| F|  |TAMS 0x0000000086100000| PB 0x0000000086100000| Untracked 
|  26|0x0000000086200000, 0x0000000086200000, 0x0000000086300000|  0%| F|  |TAMS 0x0000000086200000| PB 0x0000000086200000| Untracked 
|  27|0x0000000086300000, 0x0000000086300000, 0x0000000086400000|  0%| F|  |TAMS 0x0000000086300000| PB 0x0000000086300000| Untracked 
|  28|0x0000000086400000, 0x0000000086400000, 0x0000000086500000|  0%| F|  |TAMS 0x0000000086400000| PB 0x0000000086400000| Untracked 
|  29|0x0000000086500000, 0x0000000086500000, 0x0000000086600000|  0%| F|  |TAMS 0x0000000086500000| PB 0x0000000086500000| Untracked 
|  30|0x0000000086600000, 0x0000000086600000, 0x0000000086700000|  0%| F|  |TAMS 0x0000000086600000| PB 0x0000000086600000| Untracked 
|  31|0x0000000086700000, 0x0000000086700000, 0x0000000086800000|  0%| F|  |TAMS 0x0000000086700000| PB 0x0000000086700000| Untracked 
|  32|0x0000000086800000, 0x0000000086800000, 0x0000000086900000|  0%| F|  |TAMS 0x0000000086800000| PB 0x0000000086800000| Untracked 
|  33|0x0000000086900000, 0x0000000086900000, 0x0000000086a00000|  0%| F|  |TAMS 0x0000000086900000| PB 0x0000000086900000| Untracked 
|  34|0x0000000086a00000, 0x0000000086a00000, 0x0000000086b00000|  0%| F|  |TAMS 0x0000000086a00000| PB 0x0000000086a00000| Untracked 
|  35|0x0000000086b00000, 0x0000000086b00000, 0x0000000086c00000|  0%| F|  |TAMS 0x0000000086b00000| PB 0x0000000086b00000| Untracked 
|  36|0x0000000086c00000, 0x0000000086c00000, 0x0000000086d00000|  0%| F|  |TAMS 0x0000000086c00000| PB 0x0000000086c00000| Untracked 
|  37|0x0000000086d00000, 0x0000000086d00000, 0x0000000086e00000|  0%| F|  |TAMS 0x0000000086d00000| PB 0x0000000086d00000| Untracked 
|  38|0x0000000086e00000, 0x0000000086e00000, 0x0000000086f00000|  0%| F|  |TAMS 0x0000000086e00000| PB 0x0000000086e00000| Untracked 
|  39|0x0000000086f00000, 0x0000000086f00000, 0x0000000087000000|  0%| F|  |TAMS 0x0000000086f00000| PB 0x0000000086f00000| Untracked 
|  40|0x0000000087000000, 0x0000000087000000, 0x0000000087100000|  0%| F|  |TAMS 0x0000000087000000| PB 0x0000000087000000| Untracked 
|  41|0x0000000087100000, 0x0000000087100000, 0x0000000087200000|  0%| F|  |TAMS 0x0000000087100000| PB 0x0000000087100000| Untracked 
|  42|0x0000000087200000, 0x0000000087200000, 0x0000000087300000|  0%| F|  |TAMS 0x0000000087200000| PB 0x0000000087200000| Untracked 
|  43|0x0000000087300000, 0x0000000087300000, 0x0000000087400000|  0%| F|  |TAMS 0x0000000087300000| PB 0x0000000087300000| Untracked 
|  44|0x0000000087400000, 0x0000000087400000, 0x0000000087500000|  0%| F|  |TAMS 0x0000000087400000| PB 0x0000000087400000| Untracked 
|  45|0x0000000087500000, 0x0000000087500000, 0x0000000087600000|  0%| F|  |TAMS 0x0000000087500000| PB 0x0000000087500000| Untracked 
|  46|0x0000000087600000, 0x0000000087600000, 0x0000000087700000|  0%| F|  |TAMS 0x0000000087600000| PB 0x0000000087600000| Untracked 
|  47|0x0000000087700000, 0x0000000087700000, 0x0000000087800000|  0%| F|  |TAMS 0x0000000087700000| PB 0x0000000087700000| Untracked 
|  48|0x0000000087800000, 0x0000000087800000, 0x0000000087900000|  0%| F|  |TAMS 0x0000000087800000| PB 0x0000000087800000| Untracked 
|  49|0x0000000087900000, 0x0000000087900000, 0x0000000087a00000|  0%| F|  |TAMS 0x0000000087900000| PB 0x0000000087900000| Untracked 
|  50|0x0000000087a00000, 0x0000000087a00000, 0x0000000087b00000|  0%| F|  |TAMS 0x0000000087a00000| PB 0x0000000087a00000| Untracked 
|  51|0x0000000087b00000, 0x0000000087b00000, 0x0000000087c00000|  0%| F|  |TAMS 0x0000000087b00000| PB 0x0000000087b00000| Untracked 
|  52|0x0000000087c00000, 0x0000000087c00000, 0x0000000087d00000|  0%| F|  |TAMS 0x0000000087c00000| PB 0x0000000087c00000| Untracked 
|  53|0x0000000087d00000, 0x0000000087d00000, 0x0000000087e00000|  0%| F|  |TAMS 0x0000000087d00000| PB 0x0000000087d00000| Untracked 
|  54|0x0000000087e00000, 0x0000000087e00000, 0x0000000087f00000|  0%| F|  |TAMS 0x0000000087e00000| PB 0x0000000087e00000| Untracked 
|  55|0x0000000087f00000, 0x0000000087f00000, 0x0000000088000000|  0%| F|  |TAMS 0x0000000087f00000| PB 0x0000000087f00000| Untracked 
|  56|0x0000000088000000, 0x0000000088000000, 0x0000000088100000|  0%| F|  |TAMS 0x0000000088000000| PB 0x0000000088000000| Untracked 
|  57|0x0000000088100000, 0x0000000088100000, 0x0000000088200000|  0%| F|  |TAMS 0x0000000088100000| PB 0x0000000088100000| Untracked 
|  58|0x0000000088200000, 0x0000000088200000, 0x0000000088300000|  0%| F|  |TAMS 0x0000000088200000| PB 0x0000000088200000| Untracked 
|  59|0x0000000088300000, 0x0000000088300000, 0x0000000088400000|  0%| F|  |TAMS 0x0000000088300000| PB 0x0000000088300000| Untracked 
|  60|0x0000000088400000, 0x0000000088400000, 0x0000000088500000|  0%| F|  |TAMS 0x0000000088400000| PB 0x0000000088400000| Untracked 
|  61|0x0000000088500000, 0x0000000088500000, 0x0000000088600000|  0%| F|  |TAMS 0x0000000088500000| PB 0x0000000088500000| Untracked 
|  62|0x0000000088600000, 0x0000000088600000, 0x0000000088700000|  0%| F|  |TAMS 0x0000000088600000| PB 0x0000000088600000| Untracked 
|  63|0x0000000088700000, 0x0000000088700000, 0x0000000088800000|  0%| F|  |TAMS 0x0000000088700000| PB 0x0000000088700000| Untracked 
|  64|0x0000000088800000, 0x0000000088800000, 0x0000000088900000|  0%| F|  |TAMS 0x0000000088800000| PB 0x0000000088800000| Untracked 
|  65|0x0000000088900000, 0x0000000088900000, 0x0000000088a00000|  0%| F|  |TAMS 0x0000000088900000| PB 0x0000000088900000| Untracked 
|  66|0x0000000088a00000, 0x0000000088a00000, 0x0000000088b00000|  0%| F|  |TAMS 0x0000000088a00000| PB 0x0000000088a00000| Untracked 
|  67|0x0000000088b00000, 0x0000000088b00000, 0x0000000088c00000|  0%| F|  |TAMS 0x0000000088b00000| PB 0x0000000088b00000| Untracked 
|  68|0x0000000088c00000, 0x0000000088c00000, 0x0000000088d00000|  0%| F|  |TAMS 0x0000000088c00000| PB 0x0000000088c00000| Untracked 
|  69|0x0000000088d00000, 0x0000000088d00000, 0x0000000088e00000|  0%| F|  |TAMS 0x0000000088d00000| PB 0x0000000088d00000| Untracked 
|  70|0x0000000088e00000, 0x0000000088e00000, 0x0000000088f00000|  0%| F|  |TAMS 0x0000000088e00000| PB 0x0000000088e00000| Untracked 
|  71|0x0000000088f00000, 0x0000000088f00000, 0x0000000089000000|  0%| F|  |TAMS 0x0000000088f00000| PB 0x0000000088f00000| Untracked 
|  72|0x0000000089000000, 0x0000000089000000, 0x0000000089100000|  0%| F|  |TAMS 0x0000000089000000| PB 0x0000000089000000| Untracked 
|  73|0x0000000089100000, 0x0000000089100000, 0x0000000089200000|  0%| F|  |TAMS 0x0000000089100000| PB 0x0000000089100000| Untracked 
|  74|0x0000000089200000, 0x0000000089200000, 0x0000000089300000|  0%| F|  |TAMS 0x0000000089200000| PB 0x0000000089200000| Untracked 
|  75|0x0000000089300000, 0x0000000089300000, 0x0000000089400000|  0%| F|  |TAMS 0x0000000089300000| PB 0x0000000089300000| Untracked 
|  76|0x0000000089400000, 0x0000000089400000, 0x0000000089500000|  0%| F|  |TAMS 0x0000000089400000| PB 0x0000000089400000| Untracked 
|  77|0x0000000089500000, 0x0000000089500000, 0x0000000089600000|  0%| F|  |TAMS 0x0000000089500000| PB 0x0000000089500000| Untracked 
|  78|0x0000000089600000, 0x0000000089600000, 0x0000000089700000|  0%| F|  |TAMS 0x0000000089600000| PB 0x0000000089600000| Untracked 
|  79|0x0000000089700000, 0x0000000089700000, 0x0000000089800000|  0%| F|  |TAMS 0x0000000089700000| PB 0x0000000089700000| Untracked 
|  80|0x0000000089800000, 0x0000000089800000, 0x0000000089900000|  0%| F|  |TAMS 0x0000000089800000| PB 0x0000000089800000| Untracked 
|  81|0x0000000089900000, 0x0000000089900000, 0x0000000089a00000|  0%| F|  |TAMS 0x0000000089900000| PB 0x0000000089900000| Untracked 
|  82|0x0000000089a00000, 0x0000000089a00000, 0x0000000089b00000|  0%| F|  |TAMS 0x0000000089a00000| PB 0x0000000089a00000| Untracked 
|  83|0x0000000089b00000, 0x0000000089b00000, 0x0000000089c00000|  0%| F|  |TAMS 0x0000000089b00000| PB 0x0000000089b00000| Untracked 
|  84|0x0000000089c00000, 0x0000000089c00000, 0x0000000089d00000|  0%| F|  |TAMS 0x0000000089c00000| PB 0x0000000089c00000| Untracked 
|  85|0x0000000089d00000, 0x0000000089d00000, 0x0000000089e00000|  0%| F|  |TAMS 0x0000000089d00000| PB 0x0000000089d00000| Untracked 
|  86|0x0000000089e00000, 0x0000000089e00000, 0x0000000089f00000|  0%| F|  |TAMS 0x0000000089e00000| PB 0x0000000089e00000| Untracked 
|  87|0x0000000089f00000, 0x0000000089f00000, 0x000000008a000000|  0%| F|  |TAMS 0x0000000089f00000| PB 0x0000000089f00000| Untracked 
|  88|0x000000008a000000, 0x000000008a000000, 0x000000008a100000|  0%| F|  |TAMS 0x000000008a000000| PB 0x000000008a000000| Untracked 
|  89|0x000000008a100000, 0x000000008a100000, 0x000000008a200000|  0%| F|  |TAMS 0x000000008a100000| PB 0x000000008a100000| Untracked 
|  90|0x000000008a200000, 0x000000008a200000, 0x000000008a300000|  0%| F|  |TAMS 0x000000008a200000| PB 0x000000008a200000| Untracked 
|  91|0x000000008a300000, 0x000000008a300000, 0x000000008a400000|  0%| F|  |TAMS 0x000000008a300000| PB 0x000000008a300000| Untracked 
|  92|0x000000008a400000, 0x000000008a400000, 0x000000008a500000|  0%| F|  |TAMS 0x000000008a400000| PB 0x000000008a400000| Untracked 
|  93|0x000000008a500000, 0x000000008a500000, 0x000000008a600000|  0%| F|  |TAMS 0x000000008a500000| PB 0x000000008a500000| Untracked 
|  94|0x000000008a600000, 0x000000008a600000, 0x000000008a700000|  0%| F|  |TAMS 0x000000008a600000| PB 0x000000008a600000| Untracked 
|  95|0x000000008a700000, 0x000000008a700000, 0x000000008a800000|  0%| F|  |TAMS 0x000000008a700000| PB 0x000000008a700000| Untracked 
|  96|0x000000008a800000, 0x000000008a800000, 0x000000008a900000|  0%| F|  |TAMS 0x000000008a800000| PB 0x000000008a800000| Untracked 
|  97|0x000000008a900000, 0x000000008a900000, 0x000000008aa00000|  0%| F|  |TAMS 0x000000008a900000| PB 0x000000008a900000| Untracked 
|  98|0x000000008aa00000, 0x000000008aa00000, 0x000000008ab00000|  0%| F|  |TAMS 0x000000008aa00000| PB 0x000000008aa00000| Untracked 
|  99|0x000000008ab00000, 0x000000008ab00000, 0x000000008ac00000|  0%| F|  |TAMS 0x000000008ab00000| PB 0x000000008ab00000| Untracked 
| 100|0x000000008ac00000, 0x000000008ac00000, 0x000000008ad00000|  0%| F|  |TAMS 0x000000008ac00000| PB 0x000000008ac00000| Untracked 
| 101|0x000000008ad00000, 0x000000008ad00000, 0x000000008ae00000|  0%| F|  |TAMS 0x000000008ad00000| PB 0x000000008ad00000| Untracked 
| 102|0x000000008ae00000, 0x000000008ae00000, 0x000000008af00000|  0%| F|  |TAMS 0x000000008ae00000| PB 0x000000008ae00000| Untracked 
| 103|0x000000008af00000, 0x000000008af00000, 0x000000008b000000|  0%| F|  |TAMS 0x000000008af00000| PB 0x000000008af00000| Untracked 
| 104|0x000000008b000000, 0x000000008b000000, 0x000000008b100000|  0%| F|  |TAMS 0x000000008b000000| PB 0x000000008b000000| Untracked 
| 105|0x000000008b100000, 0x000000008b100000, 0x000000008b200000|  0%| F|  |TAMS 0x000000008b100000| PB 0x000000008b100000| Untracked 
| 106|0x000000008b200000, 0x000000008b200000, 0x000000008b300000|  0%| F|  |TAMS 0x000000008b200000| PB 0x000000008b200000| Untracked 
| 107|0x000000008b300000, 0x000000008b300000, 0x000000008b400000|  0%| F|  |TAMS 0x000000008b300000| PB 0x000000008b300000| Untracked 
| 108|0x000000008b400000, 0x000000008b400000, 0x000000008b500000|  0%| F|  |TAMS 0x000000008b400000| PB 0x000000008b400000| Untracked 
| 109|0x000000008b500000, 0x000000008b500000, 0x000000008b600000|  0%| F|  |TAMS 0x000000008b500000| PB 0x000000008b500000| Untracked 
| 110|0x000000008b600000, 0x000000008b600000, 0x000000008b700000|  0%| F|  |TAMS 0x000000008b600000| PB 0x000000008b600000| Untracked 
| 111|0x000000008b700000, 0x000000008b700000, 0x000000008b800000|  0%| F|  |TAMS 0x000000008b700000| PB 0x000000008b700000| Untracked 
| 112|0x000000008b800000, 0x000000008b800000, 0x000000008b900000|  0%| F|  |TAMS 0x000000008b800000| PB 0x000000008b800000| Untracked 
| 113|0x000000008b900000, 0x000000008b900000, 0x000000008ba00000|  0%| F|  |TAMS 0x000000008b900000| PB 0x000000008b900000| Untracked 
| 114|0x000000008ba00000, 0x000000008ba00000, 0x000000008bb00000|  0%| F|  |TAMS 0x000000008ba00000| PB 0x000000008ba00000| Untracked 
| 115|0x000000008bb00000, 0x000000008bb00000, 0x000000008bc00000|  0%| F|  |TAMS 0x000000008bb00000| PB 0x000000008bb00000| Untracked 
| 116|0x000000008bc00000, 0x000000008bc00000, 0x000000008bd00000|  0%| F|  |TAMS 0x000000008bc00000| PB 0x000000008bc00000| Untracked 
| 117|0x000000008bd00000, 0x000000008bd00000, 0x000000008be00000|  0%| F|  |TAMS 0x000000008bd00000| PB 0x000000008bd00000| Untracked 
| 118|0x000000008be00000, 0x000000008be00000, 0x000000008bf00000|  0%| F|  |TAMS 0x000000008be00000| PB 0x000000008be00000| Untracked 
| 119|0x000000008bf00000, 0x000000008bf43110, 0x000000008c000000| 26%| E|  |TAMS 0x000000008bf00000| PB 0x000000008bf00000| Complete 
| 120|0x000000008c000000, 0x000000008c100000, 0x000000008c100000|100%| E|CS|TAMS 0x000000008c000000| PB 0x000000008c000000| Complete 
| 121|0x000000008c100000, 0x000000008c200000, 0x000000008c200000|100%| E|CS|TAMS 0x000000008c100000| PB 0x000000008c100000| Complete 
| 122|0x000000008c200000, 0x000000008c300000, 0x000000008c300000|100%| E|CS|TAMS 0x000000008c200000| PB 0x000000008c200000| Complete 
| 123|0x000000008c300000, 0x000000008c400000, 0x000000008c400000|100%| E|CS|TAMS 0x000000008c300000| PB 0x000000008c300000| Complete 

Card table byte_map: [0x00000296f66c0000,0x00000296f6aa0000] _byte_map_base: 0x00000296f629c000

Marking Bits: (CMBitMap*) 0x00000296ec457f70
 Bits: [0x00000296f6e80000, 0x00000296f8d60000)

Polling page: 0x00000296ec4d0000

Metaspace:

Usage:
  Non-class:      2.87 MB used.
      Class:    321.47 KB used.
       Both:      3.19 MB used.

Virtual space:
  Non-class space:       64.00 MB reserved,       2.94 MB (  5%) committed,  1 nodes.
      Class space:        1.00 GB reserved,     384.00 KB ( <1%) committed,  1 nodes.
             Both:        1.06 GB reserved,       3.31 MB ( <1%) committed. 

Chunk freelists:
   Non-Class:  3.91 MB
       Class:  3.57 MB
        Both:  7.48 MB

MaxMetaspaceSize: unlimited
CompressedClassSpaceSize: 1.00 GB
Initial GC threshold: 21.00 MB
Current GC threshold: 21.00 MB
CDS: on
MetaspaceReclaimPolicy: balanced
 - commit_granule_bytes: 65536.
 - commit_granule_words: 8192.
 - virtual_space_node_default_size: 8388608.
 - enlarge_chunks_in_place: 1.
 - new_chunks_are_fully_committed: 0.
 - uncommit_free_chunks: 1.
 - use_allocation_guard: 0.


Internal statistics:

num_allocs_failed_limit: 0.
num_arena_births: 92.
num_arena_deaths: 0.
num_vsnodes_births: 2.
num_vsnodes_deaths: 0.
num_space_committed: 53.
num_space_uncommitted: 0.
num_chunks_returned_to_freelist: 0.
num_chunks_taken_from_freelist: 111.
num_chunk_merges: 0.
num_chunk_splits: 66.
num_chunks_enlarged: 25.
num_inconsistent_stats: 0.

CodeHeap 'non-profiled nmethods': size=120000Kb used=137Kb max_used=137Kb free=119862Kb
 bounds [0x0000029687ad0000, 0x0000029687d40000, 0x000002968f000000]
CodeHeap 'profiled nmethods': size=120000Kb used=513Kb max_used=513Kb free=119487Kb
 bounds [0x0000029680000000, 0x0000029680270000, 0x0000029687530000]
CodeHeap 'non-nmethods': size=5760Kb used=1454Kb max_used=1454Kb free=4305Kb
 bounds [0x0000029687530000, 0x00000296877a0000, 0x0000029687ad0000]
 total_blobs=904 nmethods=414 adapters=401
 compilation: enabled
              stopped_count=0, restarted_count=0
 full_count=0

Compilation events (20 events):
Event: 0.436 Thread 0x00000296fb39df40 nmethod 396 0x0000029687af1210 code [0x0000029687af1380, 0x0000029687af1448]
Event: 0.436 Thread 0x00000296fb39df40  401       3       jdk.internal.org.objectweb.asm.SymbolTable::hash (15 bytes)
Event: 0.436 Thread 0x00000296fb39df40 nmethod 401 0x0000029680076190 code [0x0000029680076320, 0x0000029680076490]
Event: 0.436 Thread 0x00000296fb39df40  402       3       jdk.internal.org.objectweb.asm.SymbolTable$Entry::<init> (18 bytes)
Event: 0.436 Thread 0x00000296fb39df40 nmethod 402 0x0000029680076590 code [0x0000029680076720, 0x0000029680076898]
Event: 0.436 Thread 0x00000296fb39df40  403       3       java.lang.invoke.LambdaForm$Name::<init> (19 bytes)
Event: 0.437 Thread 0x00000296fb39df40 nmethod 403 0x0000029680076990 code [0x0000029680076ba0, 0x0000029680077258]
Event: 0.437 Thread 0x00000296fb39df40  405       3       jdk.internal.org.objectweb.asm.Type::getArgumentsAndReturnSizes (140 bytes)
Event: 0.439 Thread 0x00000296fb39df40 nmethod 405 0x0000029680077590 code [0x0000029680077960, 0x0000029680079770]
Event: 0.439 Thread 0x00000296fb39df40  407       3       java.lang.invoke.InvokerBytecodeGenerator::emitImplicitConversion (161 bytes)
Event: 0.440 Thread 0x00000296fb39df40 nmethod 407 0x000002968007a290 code [0x000002968007a580, 0x000002968007b350]
Event: 0.440 Thread 0x00000296fb39df40  412       3       jdk.internal.org.objectweb.asm.Frame::getAbstractTypeFromDescriptor (415 bytes)
Event: 0.442 Thread 0x00000296fb39df40 nmethod 412 0x000002968007b810 code [0x000002968007bba0, 0x000002968007d708]
Event: 0.442 Thread 0x00000296fb39df40  404       3       java.lang.invoke.InvokerBytecodeGenerator::getInternalName (103 bytes)
Event: 0.443 Thread 0x00000296fb39df40 nmethod 404 0x000002968007e010 code [0x000002968007e200, 0x000002968007e748]
Event: 0.443 Thread 0x00000296fb39df40  406       3       java.lang.invoke.MethodType::insertParameterTypes (121 bytes)
Event: 0.444 Thread 0x00000296fb39df40 nmethod 406 0x000002968007e890 code [0x000002968007eb60, 0x000002968007fa48]
Event: 0.444 Thread 0x00000296fb39df40  415       3       jdk.internal.org.objectweb.asm.Frame::pop (46 bytes)
Event: 0.444 Thread 0x00000296fb39df40 nmethod 415 0x0000029680080010 code [0x00000296800801a0, 0x0000029680080348]
Event: 0.444 Thread 0x00000296fb39df40  411       3       java.lang.invoke.MemberName::checkForTypeAlias (172 bytes)

GC Heap History (0 events):
No events

Dll operation events (7 events):
Event: 0.019 Loaded shared library C:\Program Files\Java\jdk-20\bin\java.dll
Event: 0.074 Loaded shared library C:\Program Files\Java\jdk-20\bin\jsvml.dll
Event: 0.174 Loaded shared library C:\Program Files\Java\jdk-20\bin\net.dll
Event: 0.178 Loaded shared library C:\Program Files\Java\jdk-20\bin\nio.dll
Event: 0.273 Loaded shared library C:\Program Files\Java\jdk-20\bin\zip.dll
Event: 0.290 Loaded shared library C:\Program Files\Java\jdk-20\bin\jimage.dll
Event: 0.312 Loaded shared library C:\Program Files\Java\jdk-20\bin\awt.dll

Deoptimization events (0 events):
No events

Classes loaded (20 events):
Event: 0.440 Loading class sun/awt/windows/WDesktopProperties done
Event: 0.441 Loading class sun/awt/windows/ThemeReader
Event: 0.441 Loading class sun/awt/windows/ThemeReader done
Event: 0.441 Loading class java/util/concurrent/locks/ReentrantReadWriteLock
Event: 0.441 Loading class java/util/concurrent/locks/ReadWriteLock
Event: 0.441 Loading class java/util/concurrent/locks/ReadWriteLock done
Event: 0.441 Loading class java/util/concurrent/locks/ReentrantReadWriteLock done
Event: 0.441 Loading class java/util/concurrent/locks/ReentrantReadWriteLock$NonfairSync
Event: 0.441 Loading class java/util/concurrent/locks/ReentrantReadWriteLock$Sync
Event: 0.441 Loading class java/util/concurrent/locks/ReentrantReadWriteLock$Sync done
Event: 0.441 Loading class java/util/concurrent/locks/ReentrantReadWriteLock$NonfairSync done
Event: 0.441 Loading class java/util/concurrent/locks/ReentrantReadWriteLock$Sync$ThreadLocalHoldCounter
Event: 0.441 Loading class java/util/concurrent/locks/ReentrantReadWriteLock$Sync$ThreadLocalHoldCounter done
Event: 0.441 Loading class java/util/concurrent/locks/ReentrantReadWriteLock$ReadLock
Event: 0.441 Loading class java/util/concurrent/locks/ReentrantReadWriteLock$ReadLock done
Event: 0.441 Loading class java/util/concurrent/locks/ReentrantReadWriteLock$WriteLock
Event: 0.441 Loading class java/util/concurrent/locks/ReentrantReadWriteLock$WriteLock done
Event: 0.443 Loading class java/awt/Color
Event: 0.444 Loading class java/awt/Paint
Event: 0.444 Loading class java/awt/Paint done

Classes unloaded (0 events):
No events

Classes redefined (0 events):
No events

Internal exceptions (6 events):
Event: 0.180 Thread 0x00000296ec3f7440 Exception <a 'sun/nio/fs/WindowsException'{0x000000008c23ec68}> (0x000000008c23ec68) 
thrown [s\open\src\hotspot\share\prims\jni.cpp, line 519]
Event: 0.184 Thread 0x00000296ec3f7440 Exception <a 'sun/nio/fs/WindowsException'{0x000000008c240e80}> (0x000000008c240e80) 
thrown [s\open\src\hotspot\share\prims\jni.cpp, line 519]
Event: 0.184 Thread 0x00000296ec3f7440 Exception <a 'sun/nio/fs/WindowsException'{0x000000008c241858}> (0x000000008c241858) 
thrown [s\open\src\hotspot\share\prims\jni.cpp, line 519]
Event: 0.298 Thread 0x00000296ec3f7440 Exception <a 'java/lang/ClassNotFoundException'{0x000000008c146e38}: sun/awt/resources/spi/awtProvider> (0x000000008c146e38) 
thrown [s\open\src\hotspot\share\classfile\systemDictionary.cpp, line 305]
Event: 0.330 Thread 0x00000296ec3f7440 Exception <a 'java/io/FileNotFoundException'{0x000000008c19dae8}> (0x000000008c19dae8) 
thrown [s\open\src\hotspot\share\prims\jni.cpp, line 519]
Event: 0.342 Thread 0x00000296ec3f7440 Exception <a 'java/io/FileNotFoundException'{0x000000008c1c7af8}> (0x000000008c1c7af8) 
thrown [s\open\src\hotspot\share\prims\jni.cpp, line 519]

VM Operations (4 events):
Event: 0.186 Executing VM operation: HandshakeAllThreads
Event: 0.186 Executing VM operation: HandshakeAllThreads done
Event: 0.352 Executing VM operation: HandshakeAllThreads
Event: 0.352 Executing VM operation: HandshakeAllThreads done

Events (14 events):
Event: 0.074 Thread 0x00000296ec3f7440 Thread added: 0x00000296ec3f7440
Event: 0.100 Thread 0x00000296fb36b7d0 Thread added: 0x00000296fb36b7d0
Event: 0.101 Thread 0x00000296fb36c570 Thread added: 0x00000296fb36c570
Event: 0.101 Thread 0x00000296fb36e250 Thread added: 0x00000296fb36e250
Event: 0.101 Thread 0x00000296fb36ff00 Thread added: 0x00000296fb36ff00
Event: 0.102 Thread 0x00000296fb3727a0 Thread added: 0x00000296fb3727a0
Event: 0.102 Thread 0x00000296fb374290 Thread added: 0x00000296fb374290
Event: 0.102 Thread 0x00000296fb39d260 Thread added: 0x00000296fb39d260
Event: 0.102 Thread 0x00000296fb39df40 Thread added: 0x00000296fb39df40
Event: 0.141 Thread 0x00000296ff5c04a0 Thread added: 0x00000296ff5c04a0
Event: 0.257 Thread 0x00000296ff6cf460 Thread added: 0x00000296ff6cf460
Event: 0.401 Thread 0x00000296ff83af00 Thread added: 0x00000296ff83af00
Event: 0.404 Thread 0x00000296ff83ff20 Thread added: 0x00000296ff83ff20
Event: 0.406 Thread 0x00000296ff84c170 Thread added: 0x00000296ff84c170


Dynamic libraries:
0x00007ff77c830000 - 0x00007ff77c840000 	C:\Program Files\Java\jdk-20\bin\java.exe
0x00007ff9eda70000 - 0x00007ff9edc68000 	C:\WINDOWS\SYSTEM32\ntdll.dll
0x00007ff9ed970000 - 0x00007ff9eda2d000 	C:\WINDOWS\System32\KERNEL32.DLL
0x00007ff9eb400000 - 0x00007ff9eb6f6000 	C:\WINDOWS\System32\KERNELBASE.dll
0x00007ff9eb180000 - 0x00007ff9eb280000 	C:\WINDOWS\System32\ucrtbase.dll
0x00007ff9dca50000 - 0x00007ff9dca6b000 	C:\Program Files\Java\jdk-20\bin\VCRUNTIME140.dll
0x00007ff9dc8e0000 - 0x00007ff9dc8f9000 	C:\Program Files\Java\jdk-20\bin\jli.dll
0x00007ff9ed570000 - 0x00007ff9ed61e000 	C:\WINDOWS\System32\ADVAPI32.dll
0x00007ff9ecd10000 - 0x00007ff9ecdae000 	C:\WINDOWS\System32\msvcrt.dll
0x00007ff9ed790000 - 0x00007ff9ed82c000 	C:\WINDOWS\System32\sechost.dll
0x00007ff9ebf40000 - 0x00007ff9ec066000 	C:\WINDOWS\System32\RPCRT4.dll
0x00007ff9ec140000 - 0x00007ff9ec2de000 	C:\WINDOWS\System32\USER32.dll
0x00007ff9eb150000 - 0x00007ff9eb172000 	C:\WINDOWS\System32\win32u.dll
0x00007ff9ec5a0000 - 0x00007ff9ec5cc000 	C:\WINDOWS\System32\GDI32.dll
0x00007ff9eb850000 - 0x00007ff9eb96a000 	C:\WINDOWS\System32\gdi32full.dll
0x00007ff9eb7b0000 - 0x00007ff9eb84d000 	C:\WINDOWS\System32\msvcp_win.dll
0x00007ff9dabc0000 - 0x00007ff9dae5a000 	C:\WINDOWS\WinSxS\amd64_microsoft.windows.common-controls_6595b64144ccf1df_6.0.19041.1110_none_60b5254171f9507e\COMCTL32.dll
0x00007ff9db740000 - 0x00007ff9db74a000 	C:\WINDOWS\SYSTEM32\VERSION.dll
0x00007ff9ec390000 - 0x00007ff9ec3c0000 	C:\WINDOWS\System32\IMM32.DLL
0x00007ff9e6790000 - 0x00007ff9e679c000 	C:\Program Files\Java\jdk-20\bin\vcruntime140_1.dll
0x00007ff9cd7c0000 - 0x00007ff9cd84e000 	C:\Program Files\Java\jdk-20\bin\msvcp140.dll
0x00007ff98dc00000 - 0x00007ff98e898000 	C:\Program Files\Java\jdk-20\bin\server\jvm.dll
0x00007ff9cead0000 - 0x00007ff9cead9000 	C:\WINDOWS\SYSTEM32\WSOCK32.dll
0x00007ff9ecdb0000 - 0x00007ff9ece1b000 	C:\WINDOWS\System32\WS2_32.dll
0x00007ff9daac0000 - 0x00007ff9daae7000 	C:\WINDOWS\SYSTEM32\WINMM.dll
0x00007ff9e9970000 - 0x00007ff9e9982000 	C:\WINDOWS\SYSTEM32\kernel.appcore.dll
0x00007ff9e2da0000 - 0x00007ff9e2daa000 	C:\Program Files\Java\jdk-20\bin\jimage.dll
0x00007ff9e8ec0000 - 0x00007ff9e90a4000 	C:\WINDOWS\SYSTEM32\DBGHELP.DLL
0x00007ff9d6970000 - 0x00007ff9d69a4000 	C:\WINDOWS\SYSTEM32\dbgcore.DLL
0x00007ff9eb340000 - 0x00007ff9eb3c2000 	C:\WINDOWS\System32\bcryptPrimitives.dll
0x00007ff9dc940000 - 0x00007ff9dc966000 	C:\Program Files\Java\jdk-20\bin\java.dll
0x00007ff9c99a0000 - 0x00007ff9c9a77000 	C:\Program Files\Java\jdk-20\bin\jsvml.dll
0x00007ff9ece20000 - 0x00007ff9ed565000 	C:\WINDOWS\System32\SHELL32.dll
0x00007ff9e91c0000 - 0x00007ff9e995b000 	C:\WINDOWS\SYSTEM32\windows.storage.dll
0x00007ff9ec5d0000 - 0x00007ff9ec924000 	C:\WINDOWS\System32\combase.dll
0x00007ff9eaac0000 - 0x00007ff9eaaee000 	C:\WINDOWS\SYSTEM32\Wldp.dll
0x00007ff9ec3c0000 - 0x00007ff9ec46d000 	C:\WINDOWS\System32\SHCORE.dll
0x00007ff9ec930000 - 0x00007ff9ec985000 	C:\WINDOWS\System32\shlwapi.dll
0x00007ff9eb080000 - 0x00007ff9eb0a5000 	C:\WINDOWS\SYSTEM32\profapi.dll
0x00007ff9dc820000 - 0x00007ff9dc833000 	C:\Program Files\Java\jdk-20\bin\net.dll
0x00007ff9da560000 - 0x00007ff9da66a000 	C:\WINDOWS\SYSTEM32\WINHTTP.dll
0x00007ff9ea820000 - 0x00007ff9ea88a000 	C:\WINDOWS\system32\mswsock.dll
0x00007ff9dc800000 - 0x00007ff9dc816000 	C:\Program Files\Java\jdk-20\bin\nio.dll
0x00007ff9d5d40000 - 0x00007ff9d5d58000 	C:\Program Files\Java\jdk-20\bin\zip.dll
0x00007ff9ab340000 - 0x00007ff9ab4d1000 	C:\Program Files\Java\jdk-20\bin\awt.dll
0x00007ff9ec070000 - 0x00007ff9ec13d000 	C:\WINDOWS\System32\OLEAUT32.dll
0x00007ff9e8560000 - 0x00007ff9e85f1000 	C:\WINDOWS\SYSTEM32\apphelp.dll
0x00007ff9e8930000 - 0x00007ff9e895f000 	C:\WINDOWS\system32\DWMAPI.DLL
0x00007ff9e8750000 - 0x00007ff9e87ee000 	C:\WINDOWS\system32\uxtheme.dll
0x00007ff9d4ec0000 - 0x00007ff9d4fe5000 	C:\WINDOWS\system32\opengl32.dll
0x00007ff9d53e0000 - 0x00007ff9d540c000 	C:\WINDOWS\SYSTEM32\GLU32.dll
0x00007ff9ed840000 - 0x00007ff9ed954000 	C:\WINDOWS\System32\MSCTF.dll
0x00007ff9ec470000 - 0x00007ff9ec59a000 	C:\WINDOWS\System32\ole32.dll

dbghelp: loaded successfully - version: 4.0.5 - missing functions: none
symbol engine: initialized successfully - sym options: 0x614 - pdb path: .;C:\Program Files\Java\jdk-20\bin;C:\WINDOWS\SYSTEM32;C:\WINDOWS\WinSxS\amd64_microsoft.windows.common-controls_6595b64144ccf1df_6.0.19041.1110_none_60b5254171f9507e;C:\Program Files\Java\jdk-20\bin\server

VM Arguments:
jvm_args: -Dfile.encoding=UTF-8 --module-path=D:\netBeans\Electricity Billing System\build\classes 
java_command: electricity.billing.system.CalculateBill
java_class_path (initial): C:\Users\VIKUL DHIMAN\Downloads\mysql-connector-java-8.0.28.jar;D:\netBeans\Electricity Billing System\build\classes
Launcher Type: SUN_STANDARD

[Global flags]
     intx CICompilerCount                          = 3                                         {product} {ergonomic}
     uint ConcGCThreads                            = 1                                         {product} {ergonomic}
     uint G1ConcRefinementThreads                  = 4                                         {product} {ergonomic}
   size_t G1HeapRegionSize                         = 1048576                                   {product} {ergonomic}
    uintx GCDrainStackTargetSize                   = 64                                        {product} {ergonomic}
   size_t InitialHeapSize                          = 130023424                                 {product} {ergonomic}
   size_t MarkStackSize                            = 4194304                                   {product} {ergonomic}
   size_t MaxHeapSize                              = 2071986176                                {product} {ergonomic}
   size_t MaxNewSize                               = 1242562560                                {product} {ergonomic}
   size_t MinHeapDeltaBytes                        = 1048576                                   {product} {ergonomic}
   size_t MinHeapSize                              = 8388608                                   {product} {ergonomic}
    uintx NonNMethodCodeHeapSize                   = 5832780                                {pd product} {ergonomic}
    uintx NonProfiledCodeHeapSize                  = 122912730                              {pd product} {ergonomic}
    uintx ProfiledCodeHeapSize                     = 122912730                              {pd product} {ergonomic}
    uintx ReservedCodeCacheSize                    = 251658240                              {pd product} {ergonomic}
     bool SegmentedCodeCache                       = true                                      {product} {ergonomic}
   size_t SoftMaxHeapSize                          = 2071986176                             {manageable} {ergonomic}
     bool UseCompressedClassPointers               = true                           {product lp64_product} {ergonomic}
     bool UseCompressedOops                        = true                           {product lp64_product} {ergonomic}
     bool UseG1GC                                  = true                                      {product} {ergonomic}
     bool UseLargePagesIndividualAllocation        = false                                  {pd product} {ergonomic}

Logging:
Log output configuration:
 #0: stdout all=warning uptime,level,tags foldmultilines=false
 #1: stderr all=off uptime,level,tags foldmultilines=false

Environment Variables:
PATH=C:\Program Files\Common Files\Oracle\Java\javapath;C:\WINDOWS\system32;C:\WINDOWS;C:\WINDOWS\System32\Wbem;C:\WINDOWS\System32\WindowsPowerShell\v1.0\;C:\WINDOWS\System32\OpenSSH\;C:\MinGW\bin;C:\Program Files\Git\cmd;C:\Program Files\dotnet\;C:\Program Files\MySQL\MySQL Shell 8.0\bin\;C:\Users\VIKUL DHIMAN\AppData\Local\Programs\Microsoft VS Code\bin;C:\Program Files\Java\jdk-20\bin;
USERNAME=VIKUL DHIMAN
OS=Windows_NT
PROCESSOR_IDENTIFIER=Intel64 Family 6 Model 78 Stepping 3, GenuineIntel
TMP=C:\Users\VIKULD~1\AppData\Local\Temp
TEMP=C:\Users\VIKULD~1\AppData\Local\Temp




---------------  S Y S T E M  ---------------

OS:
 Windows 10 , 64 bit Build 19041 (10.0.19041.3393)
OS uptime: 13 days 19:15 hours

CPU: total 4 (initial active 4) (2 cores per cpu, 2 threads per core) family 6 model 78 stepping 3 microcode 0xea, cx8, cmov, fxsr, ht, mmx, 3dnowpref, sse, sse2, sse3, ssse3, sse4.1, sse4.2, popcnt, lzcnt, tsc, tscinvbit, avx, avx2, aes, erms, clmul, bmi1, bmi2, adx, fma, vzeroupper, clflush, clflushopt, rdtscp, f16c

Memory: 4k page, system-wide physical 7898M (1490M free)
TotalPageFile size 23379M (AvailPageFile size 2M)
current process WorkingSet (physical memory assigned to process): 45M, peak: 45M
current process commit charge ("private bytes"): 202M, peak: 202M

vm_info: Java HotSpot(TM) 64-Bit Server VM (20.0.2+9-78) for windows-amd64 JRE (20.0.2+9-78), built on 2023-06-14T10:08:48Z by "mach5one" with MS VC++ 17.1 (VS2022)

END.
